<?xml version="1.0" encoding="UTF-8"?>
<testsuite name="RecipesApplicationTest" tests="1" skipped="0" failures="0" errors="0" timestamp="2023-12-09T01:12:42" hostname="MacBook-Pro-van-Yassir.local" time="13.507">
  <properties/>
  <testcase name="start" classname="RecipesApplicationTest" time="13.507"/>
  <system-out><![CDATA[?[1;31m
Start test 1?[0m
?[0;34m
?[0m?[0;34m  .   ____          _            __ _ _
?[0m?[0;34m /\\ / ___'_ __ _ _(_)_ __  __ _ \ \ \ \
?[0m?[0;34m( ( )\___ | '_ | '_| | '_ \/ _` | \ \ \ \
?[0m?[0;34m \\/  ___)| |_)| | | | | || (_| |  ) ) ) )
?[0m?[0;34m  '  |____| .__|_| |_|_| |_\__, | / / / /
?[0m?[0;34m =========|_|==============|___/=/_/_/_/
?[0m?[0;34m :: Spring Boot ::                (v2.5.6)
?[0m?[0;34m
?[0m?[0;34m2023-12-09 02:12:43.156  INFO 76630 --- [    Test worker] recipes.RecipesApplication               : Starting RecipesApplication using Java 17.0.9 on MacBook-Pro-van-Yassir.local with PID 76630 (started by yassir in /Users/yassir/IdeaProjects/Recipe Management System/Recipe Management System/task)
?[0m?[0;34m2023-12-09 02:12:43.157  INFO 76630 --- [    Test worker] recipes.RecipesApplication               : No active profile set, falling back to default profiles: default
?[0m?[0;34m2023-12-09 02:12:43.552  INFO 76630 --- [    Test worker] .s.d.r.c.RepositoryConfigurationDelegate : Bootstrapping Spring Data JPA repositories in DEFAULT mode.
?[0m?[0;34m2023-12-09 02:12:43.577  INFO 76630 --- [    Test worker] .s.d.r.c.RepositoryConfigurationDelegate : Finished Spring Data repository scanning in 20 ms. Found 1 JPA repository interfaces.
?[0m?[0;34m2023-12-09 02:12:43.831  INFO 76630 --- [    Test worker] o.s.b.w.embedded.tomcat.TomcatWebServer  : Tomcat initialized with port(s): 8881 (http)
?[0m?[0;34m2023-12-09 02:12:43.837  INFO 76630 --- [    Test worker] o.apache.catalina.core.StandardService   : Starting service [Tomcat]
?[0m?[0;34m2023-12-09 02:12:43.838  INFO 76630 --- [    Test worker] org.apache.catalina.core.StandardEngine  : Starting Servlet engine: [Apache Tomcat/9.0.54]
?[0m?[0;34m2023-12-09 02:12:43.879  INFO 76630 --- [    Test worker] o.a.c.c.C.[Tomcat].[localhost].[/]       : Initializing Spring embedded WebApplicationContext
?[0m?[0;34m2023-12-09 02:12:43.879  INFO 76630 --- [    Test worker] w.s.c.ServletWebServerApplicationContext : Root WebApplicationContext: initialization completed in 705 ms
?[0m?[0;34m2023-12-09 02:12:43.935  INFO 76630 --- [    Test worker] com.zaxxer.hikari.HikariDataSource       : HikariPool-1 - Starting...
?[0m?[0;34m2023-12-09 02:12:44.026  INFO 76630 --- [    Test worker] com.zaxxer.hikari.HikariDataSource       : HikariPool-1 - Start completed.
?[0m?[0;34m2023-12-09 02:12:44.030  INFO 76630 --- [    Test worker] o.s.b.a.h2.H2ConsoleAutoConfiguration    : H2 console available at '/h2-console'. Database available at 'jdbc:h2:file:../recipes_db'
?[0m?[0;34m2023-12-09 02:12:44.099  INFO 76630 --- [    Test worker] o.hibernate.jpa.internal.util.LogHelper  : HHH000204: Processing PersistenceUnitInfo [name: default]
?[0m?[0;34m2023-12-09 02:12:44.126  INFO 76630 --- [    Test worker] org.hibernate.Version                    : HHH000412: Hibernate ORM core version 5.4.32.Final
?[0m?[0;34m2023-12-09 02:12:44.192  INFO 76630 --- [    Test worker] o.hibernate.annotations.common.Version   : HCANN000001: Hibernate Commons Annotations {5.1.2.Final}
?[0m?[0;34m2023-12-09 02:12:44.240  INFO 76630 --- [    Test worker] org.hibernate.dialect.Dialect            : HHH000400: Using dialect: org.hibernate.dialect.H2Dialect
?[0m?[0;34m2023-12-09 02:12:44.565  INFO 76630 --- [    Test worker] o.h.e.t.j.p.i.JtaPlatformInitiator       : HHH000490: Using JtaPlatform implementation: [org.hibernate.engine.transaction.jta.platform.internal.NoJtaPlatform]
?[0m?[0;34m2023-12-09 02:12:44.570  INFO 76630 --- [    Test worker] j.LocalContainerEntityManagerFactoryBean : Initialized JPA EntityManagerFactory for persistence unit 'default'
?[0m?[0;34m2023-12-09 02:12:44.737 TRACE 76630 --- [    Test worker] eGlobalAuthenticationAutowiredConfigurer : Eagerly initializing {securityConfiguration=recipes.Config.SecurityConfiguration$$EnhancerBySpringCGLIB$$8fc92c25@7a14ab66}
?[0m?[0;34m2023-12-09 02:12:44.738 DEBUG 76630 --- [    Test worker] swordEncoderAuthenticationManagerBuilder : No authenticationProviders and no parentAuthenticationManager defined. Returning null.
?[0m?[0;34m2023-12-09 02:12:44.780  INFO 76630 --- [    Test worker] o.s.s.web.DefaultSecurityFilterChain     : Will secure any request with [org.springframework.security.web.context.request.async.WebAsyncManagerIntegrationFilter@5e8a678a, org.springframework.security.web.context.SecurityContextPersistenceFilter@39007725, org.springframework.security.web.header.HeaderWriterFilter@38318d67, org.springframework.security.web.authentication.logout.LogoutFilter@7a023e34, org.springframework.security.web.authentication.www.BasicAuthenticationFilter@58b30e3e, org.springframework.security.web.savedrequest.RequestCacheAwareFilter@be186df, org.springframework.security.web.servletapi.SecurityContextHolderAwareRequestFilter@6f9b5f01, org.springframework.security.web.authentication.AnonymousAuthenticationFilter@6fe91918, org.springframework.security.web.session.SessionManagementFilter@7528089c, org.springframework.security.web.access.ExceptionTranslationFilter@28200d43, org.springframework.security.web.access.intercept.AuthorizationFilter@35a2ea5a]
?[0m?[0;34m2023-12-09 02:12:44.819  WARN 76630 --- [    Test worker] JpaBaseConfiguration$JpaWebConfiguration : spring.jpa.open-in-view is enabled by default. Therefore, database queries may be performed during view rendering. Explicitly configure spring.jpa.open-in-view to disable this warning
?[0m?[0;34m2023-12-09 02:12:45.013  INFO 76630 --- [    Test worker] o.s.b.a.e.web.EndpointLinksResolver      : Exposing 14 endpoint(s) beneath base path '/actuator'
?[0m?[0;34m2023-12-09 02:12:45.032  INFO 76630 --- [    Test worker] o.s.b.w.embedded.tomcat.TomcatWebServer  : Tomcat started on port(s): 8881 (http) with context path ''
?[0m?[0;34m2023-12-09 02:12:45.040  INFO 76630 --- [    Test worker] recipes.RecipesApplication               : Started RecipesApplication in 2.124 seconds (JVM running for 2.532)
?[0;34m2023-12-09 02:12:45.223  INFO 76630 --- [nio-8881-exec-1] o.a.c.c.C.[Tomcat].[localhost].[/]       : Initializing Spring DispatcherServlet 'dispatcherServlet'
?[0m?[0;34m2023-12-09 02:12:45.223  INFO 76630 --- [nio-8881-exec-1] o.s.web.servlet.DispatcherServlet        : Initializing Servlet 'dispatcherServlet'
?[0m?[0;34m2023-12-09 02:12:45.224  INFO 76630 --- [nio-8881-exec-1] o.s.web.servlet.DispatcherServlet        : Completed initialization in 1 ms
?[0m?[0;34m2023-12-09 02:12:45.229 TRACE 76630 --- [nio-8881-exec-1] o.s.security.web.FilterChainProxy        : Trying to match request against DefaultSecurityFilterChain [RequestMatcher=any request, Filters=[org.springframework.security.web.context.request.async.WebAsyncManagerIntegrationFilter@5e8a678a, org.springframework.security.web.context.SecurityContextPersistenceFilter@39007725, org.springframework.security.web.header.HeaderWriterFilter@38318d67, org.springframework.security.web.authentication.logout.LogoutFilter@7a023e34, org.springframework.security.web.authentication.www.BasicAuthenticationFilter@58b30e3e, org.springframework.security.web.savedrequest.RequestCacheAwareFilter@be186df, org.springframework.security.web.servletapi.SecurityContextHolderAwareRequestFilter@6f9b5f01, org.springframework.security.web.authentication.AnonymousAuthenticationFilter@6fe91918, org.springframework.security.web.session.SessionManagementFilter@7528089c, org.springframework.security.web.access.ExceptionTranslationFilter@28200d43, org.springframework.security.web.access.intercept.AuthorizationFilter@35a2ea5a]] (1/1)
?[0m?[0;34m2023-12-09 02:12:45.230 DEBUG 76630 --- [nio-8881-exec-1] o.s.security.web.FilterChainProxy        : Securing POST /api/recipe/new
?[0m?[0;34m2023-12-09 02:12:45.230 TRACE 76630 --- [nio-8881-exec-1] o.s.security.web.FilterChainProxy        : Invoking WebAsyncManagerIntegrationFilter (1/11)
?[0m?[0;34m2023-12-09 02:12:45.232 TRACE 76630 --- [nio-8881-exec-1] o.s.security.web.FilterChainProxy        : Invoking SecurityContextPersistenceFilter (2/11)
?[0m?[0;34m2023-12-09 02:12:45.233 DEBUG 76630 --- [nio-8881-exec-1] s.s.w.c.SecurityContextPersistenceFilter : Set SecurityContextHolder to empty SecurityContext
?[0m?[0;34m2023-12-09 02:12:45.233 TRACE 76630 --- [nio-8881-exec-1] o.s.security.web.FilterChainProxy        : Invoking HeaderWriterFilter (3/11)
?[0m?[0;34m2023-12-09 02:12:45.234 TRACE 76630 --- [nio-8881-exec-1] o.s.security.web.FilterChainProxy        : Invoking LogoutFilter (4/11)
?[0m?[0;34m2023-12-09 02:12:45.234 TRACE 76630 --- [nio-8881-exec-1] o.s.s.w.a.logout.LogoutFilter            : Did not match request to Or [Ant [pattern='/logout', GET], Ant [pattern='/logout', POST], Ant [pattern='/logout', PUT], Ant [pattern='/logout', DELETE]]
?[0m?[0;34m2023-12-09 02:12:45.234 TRACE 76630 --- [nio-8881-exec-1] o.s.security.web.FilterChainProxy        : Invoking BasicAuthenticationFilter (5/11)
?[0m?[0;34m2023-12-09 02:12:45.234 TRACE 76630 --- [nio-8881-exec-1] o.s.s.w.a.www.BasicAuthenticationFilter  : Did not process authentication request since failed to find username and password in Basic Authorization header
?[0m?[0;34m2023-12-09 02:12:45.234 TRACE 76630 --- [nio-8881-exec-1] o.s.security.web.FilterChainProxy        : Invoking RequestCacheAwareFilter (6/11)
?[0m?[0;34m2023-12-09 02:12:45.234 TRACE 76630 --- [nio-8881-exec-1] o.s.security.web.FilterChainProxy        : Invoking SecurityContextHolderAwareRequestFilter (7/11)
?[0m?[0;34m2023-12-09 02:12:45.235 TRACE 76630 --- [nio-8881-exec-1] o.s.security.web.FilterChainProxy        : Invoking AnonymousAuthenticationFilter (8/11)
?[0m?[0;34m2023-12-09 02:12:45.236 TRACE 76630 --- [nio-8881-exec-1] o.s.s.w.a.AnonymousAuthenticationFilter  : Set SecurityContextHolder to AnonymousAuthenticationToken [Principal=anonymousUser, Credentials=[PROTECTED], Authenticated=true, Details=WebAuthenticationDetails [RemoteIpAddress=127.0.0.1, SessionId=null], Granted Authorities=[ROLE_ANONYMOUS]]
?[0m?[0;34m2023-12-09 02:12:45.236 TRACE 76630 --- [nio-8881-exec-1] o.s.security.web.FilterChainProxy        : Invoking SessionManagementFilter (9/11)
?[0m?[0;34m2023-12-09 02:12:45.236 TRACE 76630 --- [nio-8881-exec-1] o.s.security.web.FilterChainProxy        : Invoking ExceptionTranslationFilter (10/11)
?[0m?[0;34m2023-12-09 02:12:45.236 TRACE 76630 --- [nio-8881-exec-1] o.s.security.web.FilterChainProxy        : Invoking AuthorizationFilter (11/11)
?[0m?[0;34m2023-12-09 02:12:45.236 TRACE 76630 --- [nio-8881-exec-1] estMatcherDelegatingAuthorizationManager : Authorizing SecurityContextHolderAwareRequestWrapper[ org.springframework.security.web.header.HeaderWriterFilter$HeaderWriterRequest@e1ce22d]
?[0m?[0;34m2023-12-09 02:12:45.237 TRACE 76630 --- [nio-8881-exec-1] estMatcherDelegatingAuthorizationManager : Checking authorization on SecurityContextHolderAwareRequestWrapper[ org.springframework.security.web.header.HeaderWriterFilter$HeaderWriterRequest@e1ce22d] using org.springframework.security.config.annotation.web.configurers.AuthorizeHttpRequestsConfigurer$AuthorizedUrl$$Lambda$1137/0x000000b8009884a8@1c82970b
?[0m?[0;34m2023-12-09 02:12:45.237 DEBUG 76630 --- [nio-8881-exec-1] o.s.security.web.FilterChainProxy        : Secured POST /api/recipe/new
?[0m?[0;34m2023-12-09 02:12:45.294  INFO 76630 --- [nio-8881-exec-1] recipes.Controller.RecipeController      : Recipe(id=null, name=Fresh Mint Tea /Test, description=Light, aromatic and refreshing beverage, ... /Test, ingredients=[boiled water, honey, fresh mint leaves /Test], directions=[Boil water, Pour boiling hot water into a mug, Add fresh mint leaves, Mix and let the mint leaves seep for 3-5 minutes, Add honey and mix again /Test])
?[0m?[0;34m2023-12-09 02:12:45.336 TRACE 76630 --- [nio-8881-exec-1] o.s.s.w.header.writers.HstsHeaderWriter  : Not injecting HSTS header since it did not match request to [Is Secure]
?[0m?[0;34m2023-12-09 02:12:45.339 DEBUG 76630 --- [nio-8881-exec-1] s.s.w.c.SecurityContextPersistenceFilter : Cleared SecurityContextHolder to complete request
?[0m?[1;31m
Start test 2?[0m
?[0;34m2023-12-09 02:12:45.348 TRACE 76630 --- [nio-8881-exec-2] o.s.security.web.FilterChainProxy        : Trying to match request against DefaultSecurityFilterChain [RequestMatcher=any request, Filters=[org.springframework.security.web.context.request.async.WebAsyncManagerIntegrationFilter@5e8a678a, org.springframework.security.web.context.SecurityContextPersistenceFilter@39007725, org.springframework.security.web.header.HeaderWriterFilter@38318d67, org.springframework.security.web.authentication.logout.LogoutFilter@7a023e34, org.springframework.security.web.authentication.www.BasicAuthenticationFilter@58b30e3e, org.springframework.security.web.savedrequest.RequestCacheAwareFilter@be186df, org.springframework.security.web.servletapi.SecurityContextHolderAwareRequestFilter@6f9b5f01, org.springframework.security.web.authentication.AnonymousAuthenticationFilter@6fe91918, org.springframework.security.web.session.SessionManagementFilter@7528089c, org.springframework.security.web.access.ExceptionTranslationFilter@28200d43, org.springframework.security.web.access.intercept.AuthorizationFilter@35a2ea5a]] (1/1)
?[0m?[0;34m2023-12-09 02:12:45.348 DEBUG 76630 --- [nio-8881-exec-2] o.s.security.web.FilterChainProxy        : Securing POST /api/recipe/new
?[0m?[0;34m2023-12-09 02:12:45.348 TRACE 76630 --- [nio-8881-exec-2] o.s.security.web.FilterChainProxy        : Invoking WebAsyncManagerIntegrationFilter (1/11)
?[0m?[0;34m2023-12-09 02:12:45.348 TRACE 76630 --- [nio-8881-exec-2] o.s.security.web.FilterChainProxy        : Invoking SecurityContextPersistenceFilter (2/11)
?[0m?[0;34m2023-12-09 02:12:45.348 DEBUG 76630 --- [nio-8881-exec-2] s.s.w.c.SecurityContextPersistenceFilter : Set SecurityContextHolder to empty SecurityContext
?[0m?[0;34m2023-12-09 02:12:45.348 TRACE 76630 --- [nio-8881-exec-2] o.s.security.web.FilterChainProxy        : Invoking HeaderWriterFilter (3/11)
?[0m?[0;34m2023-12-09 02:12:45.348 TRACE 76630 --- [nio-8881-exec-2] o.s.security.web.FilterChainProxy        : Invoking LogoutFilter (4/11)
?[0m?[0;34m2023-12-09 02:12:45.348 TRACE 76630 --- [nio-8881-exec-2] o.s.s.w.a.logout.LogoutFilter            : Did not match request to Or [Ant [pattern='/logout', GET], Ant [pattern='/logout', POST], Ant [pattern='/logout', PUT], Ant [pattern='/logout', DELETE]]
?[0m?[0;34m2023-12-09 02:12:45.348 TRACE 76630 --- [nio-8881-exec-2] o.s.security.web.FilterChainProxy        : Invoking BasicAuthenticationFilter (5/11)
?[0m?[0;34m2023-12-09 02:12:45.349 TRACE 76630 --- [nio-8881-exec-2] o.s.s.w.a.www.BasicAuthenticationFilter  : Did not process authentication request since failed to find username and password in Basic Authorization header
?[0m?[0;34m2023-12-09 02:12:45.349 TRACE 76630 --- [nio-8881-exec-2] o.s.security.web.FilterChainProxy        : Invoking RequestCacheAwareFilter (6/11)
?[0m?[0;34m2023-12-09 02:12:45.349 TRACE 76630 --- [nio-8881-exec-2] o.s.security.web.FilterChainProxy        : Invoking SecurityContextHolderAwareRequestFilter (7/11)
?[0m?[0;34m2023-12-09 02:12:45.349 TRACE 76630 --- [nio-8881-exec-2] o.s.security.web.FilterChainProxy        : Invoking AnonymousAuthenticationFilter (8/11)
?[0m?[0;34m2023-12-09 02:12:45.349 TRACE 76630 --- [nio-8881-exec-2] o.s.s.w.a.AnonymousAuthenticationFilter  : Set SecurityContextHolder to AnonymousAuthenticationToken [Principal=anonymousUser, Credentials=[PROTECTED], Authenticated=true, Details=WebAuthenticationDetails [RemoteIpAddress=127.0.0.1, SessionId=null], Granted Authorities=[ROLE_ANONYMOUS]]
?[0m?[0;34m2023-12-09 02:12:45.349 TRACE 76630 --- [nio-8881-exec-2] o.s.security.web.FilterChainProxy        : Invoking SessionManagementFilter (9/11)
?[0m?[0;34m2023-12-09 02:12:45.349 TRACE 76630 --- [nio-8881-exec-2] o.s.security.web.FilterChainProxy        : Invoking ExceptionTranslationFilter (10/11)
?[0m?[0;34m2023-12-09 02:12:45.349 TRACE 76630 --- [nio-8881-exec-2] o.s.security.web.FilterChainProxy        : Invoking AuthorizationFilter (11/11)
?[0m?[0;34m2023-12-09 02:12:45.349 TRACE 76630 --- [nio-8881-exec-2] estMatcherDelegatingAuthorizationManager : Authorizing SecurityContextHolderAwareRequestWrapper[ org.springframework.security.web.header.HeaderWriterFilter$HeaderWriterRequest@47941807]
?[0m?[0;34m2023-12-09 02:12:45.349 TRACE 76630 --- [nio-8881-exec-2] estMatcherDelegatingAuthorizationManager : Checking authorization on SecurityContextHolderAwareRequestWrapper[ org.springframework.security.web.header.HeaderWriterFilter$HeaderWriterRequest@47941807] using org.springframework.security.config.annotation.web.configurers.AuthorizeHttpRequestsConfigurer$AuthorizedUrl$$Lambda$1137/0x000000b8009884a8@1c82970b
?[0m?[0;34m2023-12-09 02:12:45.349 DEBUG 76630 --- [nio-8881-exec-2] o.s.security.web.FilterChainProxy        : Secured POST /api/recipe/new
?[0m?[0;34m2023-12-09 02:12:45.351  INFO 76630 --- [nio-8881-exec-2] recipes.Controller.RecipeController      : Recipe(id=null, name=Warming Ginger Tea /Test, description=Ginger tea is a warming drink for cool weather, ... /Test, ingredients=[1 inch ginger root, minced, 1/2 lemon, juiced, 1/2 teaspoon manuka honey /Test], directions=[Place all ingredients in a mug and fill with warm water (not too hot so you keep the beneficial honey compounds in tact), Steep for 5-10 minutes, Drink and enjoy /Test])
?[0m?[0;34m2023-12-09 02:12:45.353 TRACE 76630 --- [nio-8881-exec-2] o.s.s.w.header.writers.HstsHeaderWriter  : Not injecting HSTS header since it did not match request to [Is Secure]
?[0m?[0;34m2023-12-09 02:12:45.353 DEBUG 76630 --- [nio-8881-exec-2] s.s.w.c.SecurityContextPersistenceFilter : Cleared SecurityContextHolder to complete request
?[1;31m
Start test 3?[0m
?[0;34m2023-12-09 02:12:45.356 TRACE 76630 --- [nio-8881-exec-3] o.s.security.web.FilterChainProxy        : Trying to match request against DefaultSecurityFilterChain [RequestMatcher=any request, Filters=[org.springframework.security.web.context.request.async.WebAsyncManagerIntegrationFilter@5e8a678a, org.springframework.security.web.context.SecurityContextPersistenceFilter@39007725, org.springframework.security.web.header.HeaderWriterFilter@38318d67, org.springframework.security.web.authentication.logout.LogoutFilter@7a023e34, org.springframework.security.web.authentication.www.BasicAuthenticationFilter@58b30e3e, org.springframework.security.web.savedrequest.RequestCacheAwareFilter@be186df, org.springframework.security.web.servletapi.SecurityContextHolderAwareRequestFilter@6f9b5f01, org.springframework.security.web.authentication.AnonymousAuthenticationFilter@6fe91918, org.springframework.security.web.session.SessionManagementFilter@7528089c, org.springframework.security.web.access.ExceptionTranslationFilter@28200d43, org.springframework.security.web.access.intercept.AuthorizationFilter@35a2ea5a]] (1/1)
?[0m?[0;34m2023-12-09 02:12:45.356 DEBUG 76630 --- [nio-8881-exec-3] o.s.security.web.FilterChainProxy        : Securing GET /api/recipe/1
?[0m?[0;34m2023-12-09 02:12:45.357 TRACE 76630 --- [nio-8881-exec-3] o.s.security.web.FilterChainProxy        : Invoking WebAsyncManagerIntegrationFilter (1/11)
?[0m?[0;34m2023-12-09 02:12:45.357 TRACE 76630 --- [nio-8881-exec-3] o.s.security.web.FilterChainProxy        : Invoking SecurityContextPersistenceFilter (2/11)
?[0m?[0;34m2023-12-09 02:12:45.357 DEBUG 76630 --- [nio-8881-exec-3] s.s.w.c.SecurityContextPersistenceFilter : Set SecurityContextHolder to empty SecurityContext
?[0m?[0;34m2023-12-09 02:12:45.357 TRACE 76630 --- [nio-8881-exec-3] o.s.security.web.FilterChainProxy        : Invoking HeaderWriterFilter (3/11)
?[0m?[0;34m2023-12-09 02:12:45.357 TRACE 76630 --- [nio-8881-exec-3] o.s.security.web.FilterChainProxy        : Invoking LogoutFilter (4/11)
?[0m?[0;34m2023-12-09 02:12:45.357 TRACE 76630 --- [nio-8881-exec-3] o.s.s.w.a.logout.LogoutFilter            : Did not match request to Or [Ant [pattern='/logout', GET], Ant [pattern='/logout', POST], Ant [pattern='/logout', PUT], Ant [pattern='/logout', DELETE]]
?[0m?[0;34m2023-12-09 02:12:45.357 TRACE 76630 --- [nio-8881-exec-3] o.s.security.web.FilterChainProxy        : Invoking BasicAuthenticationFilter (5/11)
?[0m?[0;34m2023-12-09 02:12:45.357 TRACE 76630 --- [nio-8881-exec-3] o.s.s.w.a.www.BasicAuthenticationFilter  : Did not process authentication request since failed to find username and password in Basic Authorization header
?[0m?[0;34m2023-12-09 02:12:45.357 TRACE 76630 --- [nio-8881-exec-3] o.s.security.web.FilterChainProxy        : Invoking RequestCacheAwareFilter (6/11)
?[0m?[0;34m2023-12-09 02:12:45.357 TRACE 76630 --- [nio-8881-exec-3] o.s.security.web.FilterChainProxy        : Invoking SecurityContextHolderAwareRequestFilter (7/11)
?[0m?[0;34m2023-12-09 02:12:45.357 TRACE 76630 --- [nio-8881-exec-3] o.s.security.web.FilterChainProxy        : Invoking AnonymousAuthenticationFilter (8/11)
?[0m?[0;34m2023-12-09 02:12:45.357 TRACE 76630 --- [nio-8881-exec-3] o.s.s.w.a.AnonymousAuthenticationFilter  : Set SecurityContextHolder to AnonymousAuthenticationToken [Principal=anonymousUser, Credentials=[PROTECTED], Authenticated=true, Details=WebAuthenticationDetails [RemoteIpAddress=127.0.0.1, SessionId=null], Granted Authorities=[ROLE_ANONYMOUS]]
?[0m?[0;34m2023-12-09 02:12:45.357 TRACE 76630 --- [nio-8881-exec-3] o.s.security.web.FilterChainProxy        : Invoking SessionManagementFilter (9/11)
?[0m?[0;34m2023-12-09 02:12:45.357 TRACE 76630 --- [nio-8881-exec-3] o.s.security.web.FilterChainProxy        : Invoking ExceptionTranslationFilter (10/11)
?[0m?[0;34m2023-12-09 02:12:45.357 TRACE 76630 --- [nio-8881-exec-3] o.s.security.web.FilterChainProxy        : Invoking AuthorizationFilter (11/11)
?[0m?[0;34m2023-12-09 02:12:45.357 TRACE 76630 --- [nio-8881-exec-3] estMatcherDelegatingAuthorizationManager : Authorizing SecurityContextHolderAwareRequestWrapper[ org.springframework.security.web.header.HeaderWriterFilter$HeaderWriterRequest@4713bd34]
?[0m?[0;34m2023-12-09 02:12:45.357 TRACE 76630 --- [nio-8881-exec-3] estMatcherDelegatingAuthorizationManager : Checking authorization on SecurityContextHolderAwareRequestWrapper[ org.springframework.security.web.header.HeaderWriterFilter$HeaderWriterRequest@4713bd34] using org.springframework.security.config.annotation.web.configurers.AuthorizeHttpRequestsConfigurer$AuthorizedUrl$$Lambda$1137/0x000000b8009884a8@1c82970b
?[0m?[0;34m2023-12-09 02:12:45.357 DEBUG 76630 --- [nio-8881-exec-3] o.s.security.web.FilterChainProxy        : Secured GET /api/recipe/1
?[0m?[0;34m2023-12-09 02:12:45.418 TRACE 76630 --- [nio-8881-exec-3] o.s.s.w.header.writers.HstsHeaderWriter  : Not injecting HSTS header since it did not match request to [Is Secure]
?[0m?[0;34m2023-12-09 02:12:45.419 DEBUG 76630 --- [nio-8881-exec-3] s.s.w.c.SecurityContextPersistenceFilter : Cleared SecurityContextHolder to complete request
?[1;31m
Start test 4?[0m
?[0;34m2023-12-09 02:12:45.423 TRACE 76630 --- [nio-8881-exec-4] o.s.security.web.FilterChainProxy        : Trying to match request against DefaultSecurityFilterChain [RequestMatcher=any request, Filters=[org.springframework.security.web.context.request.async.WebAsyncManagerIntegrationFilter@5e8a678a, org.springframework.security.web.context.SecurityContextPersistenceFilter@39007725, org.springframework.security.web.header.HeaderWriterFilter@38318d67, org.springframework.security.web.authentication.logout.LogoutFilter@7a023e34, org.springframework.security.web.authentication.www.BasicAuthenticationFilter@58b30e3e, org.springframework.security.web.savedrequest.RequestCacheAwareFilter@be186df, org.springframework.security.web.servletapi.SecurityContextHolderAwareRequestFilter@6f9b5f01, org.springframework.security.web.authentication.AnonymousAuthenticationFilter@6fe91918, org.springframework.security.web.session.SessionManagementFilter@7528089c, org.springframework.security.web.access.ExceptionTranslationFilter@28200d43, org.springframework.security.web.access.intercept.AuthorizationFilter@35a2ea5a]] (1/1)
?[0m?[0;34m2023-12-09 02:12:45.423 DEBUG 76630 --- [nio-8881-exec-4] o.s.security.web.FilterChainProxy        : Securing GET /api/recipe/2
?[0m?[0;34m2023-12-09 02:12:45.423 TRACE 76630 --- [nio-8881-exec-4] o.s.security.web.FilterChainProxy        : Invoking WebAsyncManagerIntegrationFilter (1/11)
?[0m?[0;34m2023-12-09 02:12:45.423 TRACE 76630 --- [nio-8881-exec-4] o.s.security.web.FilterChainProxy        : Invoking SecurityContextPersistenceFilter (2/11)
?[0m?[0;34m2023-12-09 02:12:45.423 DEBUG 76630 --- [nio-8881-exec-4] s.s.w.c.SecurityContextPersistenceFilter : Set SecurityContextHolder to empty SecurityContext
?[0m?[0;34m2023-12-09 02:12:45.423 TRACE 76630 --- [nio-8881-exec-4] o.s.security.web.FilterChainProxy        : Invoking HeaderWriterFilter (3/11)
?[0m?[0;34m2023-12-09 02:12:45.423 TRACE 76630 --- [nio-8881-exec-4] o.s.security.web.FilterChainProxy        : Invoking LogoutFilter (4/11)
?[0m?[0;34m2023-12-09 02:12:45.423 TRACE 76630 --- [nio-8881-exec-4] o.s.s.w.a.logout.LogoutFilter            : Did not match request to Or [Ant [pattern='/logout', GET], Ant [pattern='/logout', POST], Ant [pattern='/logout', PUT], Ant [pattern='/logout', DELETE]]
?[0m?[0;34m2023-12-09 02:12:45.423 TRACE 76630 --- [nio-8881-exec-4] o.s.security.web.FilterChainProxy        : Invoking BasicAuthenticationFilter (5/11)
?[0m?[0;34m2023-12-09 02:12:45.423 TRACE 76630 --- [nio-8881-exec-4] o.s.s.w.a.www.BasicAuthenticationFilter  : Did not process authentication request since failed to find username and password in Basic Authorization header
?[0m?[0;34m2023-12-09 02:12:45.423 TRACE 76630 --- [nio-8881-exec-4] o.s.security.web.FilterChainProxy        : Invoking RequestCacheAwareFilter (6/11)
?[0m?[0;34m2023-12-09 02:12:45.423 TRACE 76630 --- [nio-8881-exec-4] o.s.security.web.FilterChainProxy        : Invoking SecurityContextHolderAwareRequestFilter (7/11)
?[0m?[0;34m2023-12-09 02:12:45.423 TRACE 76630 --- [nio-8881-exec-4] o.s.security.web.FilterChainProxy        : Invoking AnonymousAuthenticationFilter (8/11)
?[0m?[0;34m2023-12-09 02:12:45.424 TRACE 76630 --- [nio-8881-exec-4] o.s.s.w.a.AnonymousAuthenticationFilter  : Set SecurityContextHolder to AnonymousAuthenticationToken [Principal=anonymousUser, Credentials=[PROTECTED], Authenticated=true, Details=WebAuthenticationDetails [RemoteIpAddress=127.0.0.1, SessionId=null], Granted Authorities=[ROLE_ANONYMOUS]]
?[0m?[0;34m2023-12-09 02:12:45.424 TRACE 76630 --- [nio-8881-exec-4] o.s.security.web.FilterChainProxy        : Invoking SessionManagementFilter (9/11)
?[0m?[0;34m2023-12-09 02:12:45.424 TRACE 76630 --- [nio-8881-exec-4] o.s.security.web.FilterChainProxy        : Invoking ExceptionTranslationFilter (10/11)
?[0m?[0;34m2023-12-09 02:12:45.424 TRACE 76630 --- [nio-8881-exec-4] o.s.security.web.FilterChainProxy        : Invoking AuthorizationFilter (11/11)
?[0m?[0;34m2023-12-09 02:12:45.424 TRACE 76630 --- [nio-8881-exec-4] estMatcherDelegatingAuthorizationManager : Authorizing SecurityContextHolderAwareRequestWrapper[ org.springframework.security.web.header.HeaderWriterFilter$HeaderWriterRequest@382f5493]
?[0m?[0;34m2023-12-09 02:12:45.424 TRACE 76630 --- [nio-8881-exec-4] estMatcherDelegatingAuthorizationManager : Checking authorization on SecurityContextHolderAwareRequestWrapper[ org.springframework.security.web.header.HeaderWriterFilter$HeaderWriterRequest@382f5493] using org.springframework.security.config.annotation.web.configurers.AuthorizeHttpRequestsConfigurer$AuthorizedUrl$$Lambda$1137/0x000000b8009884a8@1c82970b
?[0m?[0;34m2023-12-09 02:12:45.424 DEBUG 76630 --- [nio-8881-exec-4] o.s.security.web.FilterChainProxy        : Secured GET /api/recipe/2
?[0m?[0;34m2023-12-09 02:12:45.426 TRACE 76630 --- [nio-8881-exec-4] o.s.s.w.header.writers.HstsHeaderWriter  : Not injecting HSTS header since it did not match request to [Is Secure]
?[0m?[0;34m2023-12-09 02:12:45.426 DEBUG 76630 --- [nio-8881-exec-4] s.s.w.c.SecurityContextPersistenceFilter : Cleared SecurityContextHolder to complete request
?[1;31m
Start test 5?[0m
?[0;34m2023-12-09 02:12:45.429 TRACE 76630 --- [nio-8881-exec-5] o.s.security.web.FilterChainProxy        : Trying to match request against DefaultSecurityFilterChain [RequestMatcher=any request, Filters=[org.springframework.security.web.context.request.async.WebAsyncManagerIntegrationFilter@5e8a678a, org.springframework.security.web.context.SecurityContextPersistenceFilter@39007725, org.springframework.security.web.header.HeaderWriterFilter@38318d67, org.springframework.security.web.authentication.logout.LogoutFilter@7a023e34, org.springframework.security.web.authentication.www.BasicAuthenticationFilter@58b30e3e, org.springframework.security.web.savedrequest.RequestCacheAwareFilter@be186df, org.springframework.security.web.servletapi.SecurityContextHolderAwareRequestFilter@6f9b5f01, org.springframework.security.web.authentication.AnonymousAuthenticationFilter@6fe91918, org.springframework.security.web.session.SessionManagementFilter@7528089c, org.springframework.security.web.access.ExceptionTranslationFilter@28200d43, org.springframework.security.web.access.intercept.AuthorizationFilter@35a2ea5a]] (1/1)
?[0m?[0;34m2023-12-09 02:12:45.429 DEBUG 76630 --- [nio-8881-exec-5] o.s.security.web.FilterChainProxy        : Securing POST /actuator/shutdown
?[0m?[0;34m2023-12-09 02:12:45.429 TRACE 76630 --- [nio-8881-exec-5] o.s.security.web.FilterChainProxy        : Invoking WebAsyncManagerIntegrationFilter (1/11)
?[0m?[0;34m2023-12-09 02:12:45.429 TRACE 76630 --- [nio-8881-exec-5] o.s.security.web.FilterChainProxy        : Invoking SecurityContextPersistenceFilter (2/11)
?[0m?[0;34m2023-12-09 02:12:45.429 DEBUG 76630 --- [nio-8881-exec-5] s.s.w.c.SecurityContextPersistenceFilter : Set SecurityContextHolder to empty SecurityContext
?[0m?[0;34m2023-12-09 02:12:45.429 TRACE 76630 --- [nio-8881-exec-5] o.s.security.web.FilterChainProxy        : Invoking HeaderWriterFilter (3/11)
?[0m?[0;34m2023-12-09 02:12:45.429 TRACE 76630 --- [nio-8881-exec-5] o.s.security.web.FilterChainProxy        : Invoking LogoutFilter (4/11)
?[0m?[0;34m2023-12-09 02:12:45.429 TRACE 76630 --- [nio-8881-exec-5] o.s.s.w.a.logout.LogoutFilter            : Did not match request to Or [Ant [pattern='/logout', GET], Ant [pattern='/logout', POST], Ant [pattern='/logout', PUT], Ant [pattern='/logout', DELETE]]
?[0m?[0;34m2023-12-09 02:12:45.429 TRACE 76630 --- [nio-8881-exec-5] o.s.security.web.FilterChainProxy        : Invoking BasicAuthenticationFilter (5/11)
?[0m?[0;34m2023-12-09 02:12:45.429 TRACE 76630 --- [nio-8881-exec-5] o.s.s.w.a.www.BasicAuthenticationFilter  : Did not process authentication request since failed to find username and password in Basic Authorization header
?[0m?[0;34m2023-12-09 02:12:45.429 TRACE 76630 --- [nio-8881-exec-5] o.s.security.web.FilterChainProxy        : Invoking RequestCacheAwareFilter (6/11)
?[0m?[0;34m2023-12-09 02:12:45.430 TRACE 76630 --- [nio-8881-exec-5] o.s.security.web.FilterChainProxy        : Invoking SecurityContextHolderAwareRequestFilter (7/11)
?[0m?[0;34m2023-12-09 02:12:45.430 TRACE 76630 --- [nio-8881-exec-5] o.s.security.web.FilterChainProxy        : Invoking AnonymousAuthenticationFilter (8/11)
?[0m?[0;34m2023-12-09 02:12:45.430 TRACE 76630 --- [nio-8881-exec-5] o.s.s.w.a.AnonymousAuthenticationFilter  : Set SecurityContextHolder to AnonymousAuthenticationToken [Principal=anonymousUser, Credentials=[PROTECTED], Authenticated=true, Details=WebAuthenticationDetails [RemoteIpAddress=127.0.0.1, SessionId=null], Granted Authorities=[ROLE_ANONYMOUS]]
?[0m?[0;34m2023-12-09 02:12:45.430 TRACE 76630 --- [nio-8881-exec-5] o.s.security.web.FilterChainProxy        : Invoking SessionManagementFilter (9/11)
?[0m?[0;34m2023-12-09 02:12:45.430 TRACE 76630 --- [nio-8881-exec-5] o.s.security.web.FilterChainProxy        : Invoking ExceptionTranslationFilter (10/11)
?[0m?[0;34m2023-12-09 02:12:45.430 TRACE 76630 --- [nio-8881-exec-5] o.s.security.web.FilterChainProxy        : Invoking AuthorizationFilter (11/11)
?[0m?[0;34m2023-12-09 02:12:45.430 TRACE 76630 --- [nio-8881-exec-5] estMatcherDelegatingAuthorizationManager : Authorizing SecurityContextHolderAwareRequestWrapper[ org.springframework.security.web.header.HeaderWriterFilter$HeaderWriterRequest@43806ff5]
?[0m?[0;34m2023-12-09 02:12:45.430 TRACE 76630 --- [nio-8881-exec-5] estMatcherDelegatingAuthorizationManager : Checking authorization on SecurityContextHolderAwareRequestWrapper[ org.springframework.security.web.header.HeaderWriterFilter$HeaderWriterRequest@43806ff5] using org.springframework.security.config.annotation.web.configurers.AuthorizeHttpRequestsConfigurer$AuthorizedUrl$$Lambda$1137/0x000000b8009884a8@1c82970b
?[0m?[0;34m2023-12-09 02:12:45.430 DEBUG 76630 --- [nio-8881-exec-5] o.s.security.web.FilterChainProxy        : Secured POST /actuator/shutdown
?[0m?[0;34m2023-12-09 02:12:45.434 TRACE 76630 --- [nio-8881-exec-5] o.s.s.w.header.writers.HstsHeaderWriter  : Not injecting HSTS header since it did not match request to [Is Secure]
?[0m?[0;34m2023-12-09 02:12:45.434 DEBUG 76630 --- [nio-8881-exec-5] s.s.w.c.SecurityContextPersistenceFilter : Cleared SecurityContextHolder to complete request
?[0;34m2023-12-09 02:12:45.965  INFO 76630 --- [       Thread-5] j.LocalContainerEntityManagerFactoryBean : Closing JPA EntityManagerFactory for persistence unit 'default'
?[0m?[0;34m2023-12-09 02:12:45.967  INFO 76630 --- [       Thread-5] com.zaxxer.hikari.HikariDataSource       : HikariPool-1 - Shutdown initiated...
?[0m?[0;34m2023-12-09 02:12:46.033  INFO 76630 --- [       Thread-5] com.zaxxer.hikari.HikariDataSource       : HikariPool-1 - Shutdown completed.
?[0;34m
?[0m?[0;34m  .   ____          _            __ _ _
?[0m?[0;34m /\\ / ___'_ __ _ _(_)_ __  __ _ \ \ \ \
?[0m?[0;34m( ( )\___ | '_ | '_| | '_ \/ _` | \ \ \ \
?[0m?[0;34m \\/  ___)| |_)| | | | | || (_| |  ) ) ) )
?[0m?[0;34m  '  |____| .__|_| |_|_| |_\__, | / / / /
?[0m?[0;34m =========|_|==============|___/=/_/_/_/
?[0m?[0;34m :: Spring Boot ::                (v2.5.6)
?[0m?[0;34m
?[0m?[0;34m2023-12-09 02:12:55.843  INFO 76630 --- [    Test worker] recipes.RecipesApplication               : Starting RecipesApplication using Java 17.0.9 on MacBook-Pro-van-Yassir.local with PID 76630 (started by yassir in /Users/yassir/IdeaProjects/Recipe Management System/Recipe Management System/task)
?[0m?[0;34m2023-12-09 02:12:55.843  INFO 76630 --- [    Test worker] recipes.RecipesApplication               : No active profile set, falling back to default profiles: default
?[0m?[0;34m2023-12-09 02:12:55.953  INFO 76630 --- [    Test worker] .s.d.r.c.RepositoryConfigurationDelegate : Bootstrapping Spring Data JPA repositories in DEFAULT mode.
?[0m?[0;34m2023-12-09 02:12:55.956  INFO 76630 --- [    Test worker] .s.d.r.c.RepositoryConfigurationDelegate : Finished Spring Data repository scanning in 2 ms. Found 1 JPA repository interfaces.
?[0m?[0;34m2023-12-09 02:12:55.993  INFO 76630 --- [    Test worker] o.s.b.w.embedded.tomcat.TomcatWebServer  : Tomcat initialized with port(s): 8881 (http)
?[0m?[0;34m2023-12-09 02:12:55.994  INFO 76630 --- [    Test worker] o.apache.catalina.core.StandardService   : Starting service [Tomcat]
?[0m?[0;34m2023-12-09 02:12:55.994  INFO 76630 --- [    Test worker] org.apache.catalina.core.StandardEngine  : Starting Servlet engine: [Apache Tomcat/9.0.54]
?[0m?[0;34m2023-12-09 02:12:56.002  INFO 76630 --- [    Test worker] o.a.c.c.C.[Tomcat].[localhost].[/]       : Initializing Spring embedded WebApplicationContext
?[0m?[0;34m2023-12-09 02:12:56.002  INFO 76630 --- [    Test worker] w.s.c.ServletWebServerApplicationContext : Root WebApplicationContext: initialization completed in 158 ms
?[0m?[0;34m2023-12-09 02:12:56.016  INFO 76630 --- [    Test worker] com.zaxxer.hikari.HikariDataSource       : HikariPool-2 - Starting...
?[0m?[0;34m2023-12-09 02:12:56.020  INFO 76630 --- [    Test worker] com.zaxxer.hikari.HikariDataSource       : HikariPool-2 - Start completed.
?[0m?[0;34m2023-12-09 02:12:56.020  INFO 76630 --- [    Test worker] o.s.b.a.h2.H2ConsoleAutoConfiguration    : H2 console available at '/h2-console'. Database available at 'jdbc:h2:file:../recipes_db'
?[0m?[0;34m2023-12-09 02:12:56.037  INFO 76630 --- [    Test worker] o.hibernate.jpa.internal.util.LogHelper  : HHH000204: Processing PersistenceUnitInfo [name: default]
?[0m?[0;34m2023-12-09 02:12:56.039  INFO 76630 --- [    Test worker] org.hibernate.dialect.Dialect            : HHH000400: Using dialect: org.hibernate.dialect.H2Dialect
?[0m?[0;34m2023-12-09 02:12:56.074  INFO 76630 --- [    Test worker] o.h.e.t.j.p.i.JtaPlatformInitiator       : HHH000490: Using JtaPlatform implementation: [org.hibernate.engine.transaction.jta.platform.internal.NoJtaPlatform]
?[0m?[0;34m2023-12-09 02:12:56.075  INFO 76630 --- [    Test worker] j.LocalContainerEntityManagerFactoryBean : Initialized JPA EntityManagerFactory for persistence unit 'default'
?[0m?[0;34m2023-12-09 02:12:56.100 TRACE 76630 --- [    Test worker] eGlobalAuthenticationAutowiredConfigurer : Eagerly initializing {securityConfiguration=recipes.Config.SecurityConfiguration$$EnhancerBySpringCGLIB$$8fc92c25@4b1ef6a}
?[0m?[0;34m2023-12-09 02:12:56.101 DEBUG 76630 --- [    Test worker] swordEncoderAuthenticationManagerBuilder : No authenticationProviders and no parentAuthenticationManager defined. Returning null.
?[0m?[0;34m2023-12-09 02:12:56.104  INFO 76630 --- [    Test worker] o.s.s.web.DefaultSecurityFilterChain     : Will secure any request with [org.springframework.security.web.context.request.async.WebAsyncManagerIntegrationFilter@415c5469, org.springframework.security.web.context.SecurityContextPersistenceFilter@61c946a0, org.springframework.security.web.header.HeaderWriterFilter@7aa44fa2, org.springframework.security.web.authentication.logout.LogoutFilter@3220ffb, org.springframework.security.web.authentication.www.BasicAuthenticationFilter@53791a39, org.springframework.security.web.savedrequest.RequestCacheAwareFilter@227e4ea8, org.springframework.security.web.servletapi.SecurityContextHolderAwareRequestFilter@7a7fdc1a, org.springframework.security.web.authentication.AnonymousAuthenticationFilter@5aef36a9, org.springframework.security.web.session.SessionManagementFilter@4c43c37d, org.springframework.security.web.access.ExceptionTranslationFilter@70b67841, org.springframework.security.web.access.intercept.AuthorizationFilter@5292d417]
?[0m?[0;34m2023-12-09 02:12:56.115  WARN 76630 --- [    Test worker] JpaBaseConfiguration$JpaWebConfiguration : spring.jpa.open-in-view is enabled by default. Therefore, database queries may be performed during view rendering. Explicitly configure spring.jpa.open-in-view to disable this warning
?[0m?[0;34m2023-12-09 02:12:56.177  INFO 76630 --- [    Test worker] o.s.b.a.e.web.EndpointLinksResolver      : Exposing 14 endpoint(s) beneath base path '/actuator'
?[0m?[0;34m2023-12-09 02:12:56.184  INFO 76630 --- [    Test worker] o.s.b.w.embedded.tomcat.TomcatWebServer  : Tomcat started on port(s): 8881 (http) with context path ''
?[0m?[0;34m2023-12-09 02:12:56.188  INFO 76630 --- [    Test worker] recipes.RecipesApplication               : Started RecipesApplication in 0.361 seconds (JVM running for 13.68)
?[0m?[1;31m
Start test 6?[0m
?[0;34m2023-12-09 02:12:56.190  INFO 76630 --- [nio-8881-exec-1] o.a.c.c.C.[Tomcat].[localhost].[/]       : Initializing Spring DispatcherServlet 'dispatcherServlet'
?[0m?[0;34m2023-12-09 02:12:56.190  INFO 76630 --- [nio-8881-exec-1] o.s.web.servlet.DispatcherServlet        : Initializing Servlet 'dispatcherServlet'
?[0m?[0;34m2023-12-09 02:12:56.191  INFO 76630 --- [nio-8881-exec-1] o.s.web.servlet.DispatcherServlet        : Completed initialization in 0 ms
?[0m?[0;34m2023-12-09 02:12:56.191 TRACE 76630 --- [nio-8881-exec-1] o.s.security.web.FilterChainProxy        : Trying to match request against DefaultSecurityFilterChain [RequestMatcher=any request, Filters=[org.springframework.security.web.context.request.async.WebAsyncManagerIntegrationFilter@415c5469, org.springframework.security.web.context.SecurityContextPersistenceFilter@61c946a0, org.springframework.security.web.header.HeaderWriterFilter@7aa44fa2, org.springframework.security.web.authentication.logout.LogoutFilter@3220ffb, org.springframework.security.web.authentication.www.BasicAuthenticationFilter@53791a39, org.springframework.security.web.savedrequest.RequestCacheAwareFilter@227e4ea8, org.springframework.security.web.servletapi.SecurityContextHolderAwareRequestFilter@7a7fdc1a, org.springframework.security.web.authentication.AnonymousAuthenticationFilter@5aef36a9, org.springframework.security.web.session.SessionManagementFilter@4c43c37d, org.springframework.security.web.access.ExceptionTranslationFilter@70b67841, org.springframework.security.web.access.intercept.AuthorizationFilter@5292d417]] (1/1)
?[0m?[0;34m2023-12-09 02:12:56.191 DEBUG 76630 --- [nio-8881-exec-1] o.s.security.web.FilterChainProxy        : Securing GET /api/recipe/1
?[0m?[0;34m2023-12-09 02:12:56.191 TRACE 76630 --- [nio-8881-exec-1] o.s.security.web.FilterChainProxy        : Invoking WebAsyncManagerIntegrationFilter (1/11)
?[0m?[0;34m2023-12-09 02:12:56.191 TRACE 76630 --- [nio-8881-exec-1] o.s.security.web.FilterChainProxy        : Invoking SecurityContextPersistenceFilter (2/11)
?[0m?[0;34m2023-12-09 02:12:56.191 DEBUG 76630 --- [nio-8881-exec-1] s.s.w.c.SecurityContextPersistenceFilter : Set SecurityContextHolder to empty SecurityContext
?[0m?[0;34m2023-12-09 02:12:56.191 TRACE 76630 --- [nio-8881-exec-1] o.s.security.web.FilterChainProxy        : Invoking HeaderWriterFilter (3/11)
?[0m?[0;34m2023-12-09 02:12:56.191 TRACE 76630 --- [nio-8881-exec-1] o.s.security.web.FilterChainProxy        : Invoking LogoutFilter (4/11)
?[0m?[0;34m2023-12-09 02:12:56.191 TRACE 76630 --- [nio-8881-exec-1] o.s.s.w.a.logout.LogoutFilter            : Did not match request to Or [Ant [pattern='/logout', GET], Ant [pattern='/logout', POST], Ant [pattern='/logout', PUT], Ant [pattern='/logout', DELETE]]
?[0m?[0;34m2023-12-09 02:12:56.191 TRACE 76630 --- [nio-8881-exec-1] o.s.security.web.FilterChainProxy        : Invoking BasicAuthenticationFilter (5/11)
?[0m?[0;34m2023-12-09 02:12:56.191 TRACE 76630 --- [nio-8881-exec-1] o.s.s.w.a.www.BasicAuthenticationFilter  : Did not process authentication request since failed to find username and password in Basic Authorization header
?[0m?[0;34m2023-12-09 02:12:56.191 TRACE 76630 --- [nio-8881-exec-1] o.s.security.web.FilterChainProxy        : Invoking RequestCacheAwareFilter (6/11)
?[0m?[0;34m2023-12-09 02:12:56.191 TRACE 76630 --- [nio-8881-exec-1] o.s.security.web.FilterChainProxy        : Invoking SecurityContextHolderAwareRequestFilter (7/11)
?[0m?[0;34m2023-12-09 02:12:56.191 TRACE 76630 --- [nio-8881-exec-1] o.s.security.web.FilterChainProxy        : Invoking AnonymousAuthenticationFilter (8/11)
?[0m?[0;34m2023-12-09 02:12:56.191 TRACE 76630 --- [nio-8881-exec-1] o.s.s.w.a.AnonymousAuthenticationFilter  : Set SecurityContextHolder to AnonymousAuthenticationToken [Principal=anonymousUser, Credentials=[PROTECTED], Authenticated=true, Details=WebAuthenticationDetails [RemoteIpAddress=127.0.0.1, SessionId=null], Granted Authorities=[ROLE_ANONYMOUS]]
?[0m?[0;34m2023-12-09 02:12:56.191 TRACE 76630 --- [nio-8881-exec-1] o.s.security.web.FilterChainProxy        : Invoking SessionManagementFilter (9/11)
?[0m?[0;34m2023-12-09 02:12:56.192 TRACE 76630 --- [nio-8881-exec-1] o.s.security.web.FilterChainProxy        : Invoking ExceptionTranslationFilter (10/11)
?[0m?[0;34m2023-12-09 02:12:56.192 TRACE 76630 --- [nio-8881-exec-1] o.s.security.web.FilterChainProxy        : Invoking AuthorizationFilter (11/11)
?[0m?[0;34m2023-12-09 02:12:56.192 TRACE 76630 --- [nio-8881-exec-1] estMatcherDelegatingAuthorizationManager : Authorizing SecurityContextHolderAwareRequestWrapper[ org.springframework.security.web.header.HeaderWriterFilter$HeaderWriterRequest@1b52588e]
?[0m?[0;34m2023-12-09 02:12:56.192 TRACE 76630 --- [nio-8881-exec-1] estMatcherDelegatingAuthorizationManager : Checking authorization on SecurityContextHolderAwareRequestWrapper[ org.springframework.security.web.header.HeaderWriterFilter$HeaderWriterRequest@1b52588e] using org.springframework.security.config.annotation.web.configurers.AuthorizeHttpRequestsConfigurer$AuthorizedUrl$$Lambda$1137/0x000000b8009884a8@1c82970b
?[0m?[0;34m2023-12-09 02:12:56.192 DEBUG 76630 --- [nio-8881-exec-1] o.s.security.web.FilterChainProxy        : Secured GET /api/recipe/1
?[0m?[0;34m2023-12-09 02:12:56.198 TRACE 76630 --- [nio-8881-exec-1] o.s.s.w.header.writers.HstsHeaderWriter  : Not injecting HSTS header since it did not match request to [Is Secure]
?[0m?[0;34m2023-12-09 02:12:56.199 DEBUG 76630 --- [nio-8881-exec-1] s.s.w.c.SecurityContextPersistenceFilter : Cleared SecurityContextHolder to complete request
?[1;31m
Start test 7?[0m
?[0;34m2023-12-09 02:12:56.202 TRACE 76630 --- [nio-8881-exec-2] o.s.security.web.FilterChainProxy        : Trying to match request against DefaultSecurityFilterChain [RequestMatcher=any request, Filters=[org.springframework.security.web.context.request.async.WebAsyncManagerIntegrationFilter@415c5469, org.springframework.security.web.context.SecurityContextPersistenceFilter@61c946a0, org.springframework.security.web.header.HeaderWriterFilter@7aa44fa2, org.springframework.security.web.authentication.logout.LogoutFilter@3220ffb, org.springframework.security.web.authentication.www.BasicAuthenticationFilter@53791a39, org.springframework.security.web.savedrequest.RequestCacheAwareFilter@227e4ea8, org.springframework.security.web.servletapi.SecurityContextHolderAwareRequestFilter@7a7fdc1a, org.springframework.security.web.authentication.AnonymousAuthenticationFilter@5aef36a9, org.springframework.security.web.session.SessionManagementFilter@4c43c37d, org.springframework.security.web.access.ExceptionTranslationFilter@70b67841, org.springframework.security.web.access.intercept.AuthorizationFilter@5292d417]] (1/1)
?[0m?[0;34m2023-12-09 02:12:56.202 DEBUG 76630 --- [nio-8881-exec-2] o.s.security.web.FilterChainProxy        : Securing GET /api/recipe/2
?[0m?[0;34m2023-12-09 02:12:56.202 TRACE 76630 --- [nio-8881-exec-2] o.s.security.web.FilterChainProxy        : Invoking WebAsyncManagerIntegrationFilter (1/11)
?[0m?[0;34m2023-12-09 02:12:56.202 TRACE 76630 --- [nio-8881-exec-2] o.s.security.web.FilterChainProxy        : Invoking SecurityContextPersistenceFilter (2/11)
?[0m?[0;34m2023-12-09 02:12:56.202 DEBUG 76630 --- [nio-8881-exec-2] s.s.w.c.SecurityContextPersistenceFilter : Set SecurityContextHolder to empty SecurityContext
?[0m?[0;34m2023-12-09 02:12:56.202 TRACE 76630 --- [nio-8881-exec-2] o.s.security.web.FilterChainProxy        : Invoking HeaderWriterFilter (3/11)
?[0m?[0;34m2023-12-09 02:12:56.202 TRACE 76630 --- [nio-8881-exec-2] o.s.security.web.FilterChainProxy        : Invoking LogoutFilter (4/11)
?[0m?[0;34m2023-12-09 02:12:56.202 TRACE 76630 --- [nio-8881-exec-2] o.s.s.w.a.logout.LogoutFilter            : Did not match request to Or [Ant [pattern='/logout', GET], Ant [pattern='/logout', POST], Ant [pattern='/logout', PUT], Ant [pattern='/logout', DELETE]]
?[0m?[0;34m2023-12-09 02:12:56.202 TRACE 76630 --- [nio-8881-exec-2] o.s.security.web.FilterChainProxy        : Invoking BasicAuthenticationFilter (5/11)
?[0m?[0;34m2023-12-09 02:12:56.202 TRACE 76630 --- [nio-8881-exec-2] o.s.s.w.a.www.BasicAuthenticationFilter  : Did not process authentication request since failed to find username and password in Basic Authorization header
?[0m?[0;34m2023-12-09 02:12:56.202 TRACE 76630 --- [nio-8881-exec-2] o.s.security.web.FilterChainProxy        : Invoking RequestCacheAwareFilter (6/11)
?[0m?[0;34m2023-12-09 02:12:56.202 TRACE 76630 --- [nio-8881-exec-2] o.s.security.web.FilterChainProxy        : Invoking SecurityContextHolderAwareRequestFilter (7/11)
?[0m?[0;34m2023-12-09 02:12:56.202 TRACE 76630 --- [nio-8881-exec-2] o.s.security.web.FilterChainProxy        : Invoking AnonymousAuthenticationFilter (8/11)
?[0m?[0;34m2023-12-09 02:12:56.203 TRACE 76630 --- [nio-8881-exec-2] o.s.s.w.a.AnonymousAuthenticationFilter  : Set SecurityContextHolder to AnonymousAuthenticationToken [Principal=anonymousUser, Credentials=[PROTECTED], Authenticated=true, Details=WebAuthenticationDetails [RemoteIpAddress=127.0.0.1, SessionId=null], Granted Authorities=[ROLE_ANONYMOUS]]
?[0m?[0;34m2023-12-09 02:12:56.203 TRACE 76630 --- [nio-8881-exec-2] o.s.security.web.FilterChainProxy        : Invoking SessionManagementFilter (9/11)
?[0m?[0;34m2023-12-09 02:12:56.203 TRACE 76630 --- [nio-8881-exec-2] o.s.security.web.FilterChainProxy        : Invoking ExceptionTranslationFilter (10/11)
?[0m?[0;34m2023-12-09 02:12:56.203 TRACE 76630 --- [nio-8881-exec-2] o.s.security.web.FilterChainProxy        : Invoking AuthorizationFilter (11/11)
?[0m?[0;34m2023-12-09 02:12:56.203 TRACE 76630 --- [nio-8881-exec-2] estMatcherDelegatingAuthorizationManager : Authorizing SecurityContextHolderAwareRequestWrapper[ org.springframework.security.web.header.HeaderWriterFilter$HeaderWriterRequest@1fbbd220]
?[0m?[0;34m2023-12-09 02:12:56.203 TRACE 76630 --- [nio-8881-exec-2] estMatcherDelegatingAuthorizationManager : Checking authorization on SecurityContextHolderAwareRequestWrapper[ org.springframework.security.web.header.HeaderWriterFilter$HeaderWriterRequest@1fbbd220] using org.springframework.security.config.annotation.web.configurers.AuthorizeHttpRequestsConfigurer$AuthorizedUrl$$Lambda$1137/0x000000b8009884a8@1c82970b
?[0m?[0;34m2023-12-09 02:12:56.203 DEBUG 76630 --- [nio-8881-exec-2] o.s.security.web.FilterChainProxy        : Secured GET /api/recipe/2
?[0m?[0;34m2023-12-09 02:12:56.205 TRACE 76630 --- [nio-8881-exec-2] o.s.s.w.header.writers.HstsHeaderWriter  : Not injecting HSTS header since it did not match request to [Is Secure]
?[0m?[0;34m2023-12-09 02:12:56.205 DEBUG 76630 --- [nio-8881-exec-2] s.s.w.c.SecurityContextPersistenceFilter : Cleared SecurityContextHolder to complete request
?[1;31m
Start test 8?[0m
?[0;34m2023-12-09 02:12:56.208 TRACE 76630 --- [nio-8881-exec-3] o.s.security.web.FilterChainProxy        : Trying to match request against DefaultSecurityFilterChain [RequestMatcher=any request, Filters=[org.springframework.security.web.context.request.async.WebAsyncManagerIntegrationFilter@415c5469, org.springframework.security.web.context.SecurityContextPersistenceFilter@61c946a0, org.springframework.security.web.header.HeaderWriterFilter@7aa44fa2, org.springframework.security.web.authentication.logout.LogoutFilter@3220ffb, org.springframework.security.web.authentication.www.BasicAuthenticationFilter@53791a39, org.springframework.security.web.savedrequest.RequestCacheAwareFilter@227e4ea8, org.springframework.security.web.servletapi.SecurityContextHolderAwareRequestFilter@7a7fdc1a, org.springframework.security.web.authentication.AnonymousAuthenticationFilter@5aef36a9, org.springframework.security.web.session.SessionManagementFilter@4c43c37d, org.springframework.security.web.access.ExceptionTranslationFilter@70b67841, org.springframework.security.web.access.intercept.AuthorizationFilter@5292d417]] (1/1)
?[0m?[0;34m2023-12-09 02:12:56.208 DEBUG 76630 --- [nio-8881-exec-3] o.s.security.web.FilterChainProxy        : Securing DELETE /api/recipe/1
?[0m?[0;34m2023-12-09 02:12:56.208 TRACE 76630 --- [nio-8881-exec-3] o.s.security.web.FilterChainProxy        : Invoking WebAsyncManagerIntegrationFilter (1/11)
?[0m?[0;34m2023-12-09 02:12:56.208 TRACE 76630 --- [nio-8881-exec-3] o.s.security.web.FilterChainProxy        : Invoking SecurityContextPersistenceFilter (2/11)
?[0m?[0;34m2023-12-09 02:12:56.208 DEBUG 76630 --- [nio-8881-exec-3] s.s.w.c.SecurityContextPersistenceFilter : Set SecurityContextHolder to empty SecurityContext
?[0m?[0;34m2023-12-09 02:12:56.208 TRACE 76630 --- [nio-8881-exec-3] o.s.security.web.FilterChainProxy        : Invoking HeaderWriterFilter (3/11)
?[0m?[0;34m2023-12-09 02:12:56.208 TRACE 76630 --- [nio-8881-exec-3] o.s.security.web.FilterChainProxy        : Invoking LogoutFilter (4/11)
?[0m?[0;34m2023-12-09 02:12:56.208 TRACE 76630 --- [nio-8881-exec-3] o.s.s.w.a.logout.LogoutFilter            : Did not match request to Or [Ant [pattern='/logout', GET], Ant [pattern='/logout', POST], Ant [pattern='/logout', PUT], Ant [pattern='/logout', DELETE]]
?[0m?[0;34m2023-12-09 02:12:56.208 TRACE 76630 --- [nio-8881-exec-3] o.s.security.web.FilterChainProxy        : Invoking BasicAuthenticationFilter (5/11)
?[0m?[0;34m2023-12-09 02:12:56.208 TRACE 76630 --- [nio-8881-exec-3] o.s.s.w.a.www.BasicAuthenticationFilter  : Did not process authentication request since failed to find username and password in Basic Authorization header
?[0m?[0;34m2023-12-09 02:12:56.208 TRACE 76630 --- [nio-8881-exec-3] o.s.security.web.FilterChainProxy        : Invoking RequestCacheAwareFilter (6/11)
?[0m?[0;34m2023-12-09 02:12:56.208 TRACE 76630 --- [nio-8881-exec-3] o.s.security.web.FilterChainProxy        : Invoking SecurityContextHolderAwareRequestFilter (7/11)
?[0m?[0;34m2023-12-09 02:12:56.208 TRACE 76630 --- [nio-8881-exec-3] o.s.security.web.FilterChainProxy        : Invoking AnonymousAuthenticationFilter (8/11)
?[0m?[0;34m2023-12-09 02:12:56.208 TRACE 76630 --- [nio-8881-exec-3] o.s.s.w.a.AnonymousAuthenticationFilter  : Set SecurityContextHolder to AnonymousAuthenticationToken [Principal=anonymousUser, Credentials=[PROTECTED], Authenticated=true, Details=WebAuthenticationDetails [RemoteIpAddress=127.0.0.1, SessionId=null], Granted Authorities=[ROLE_ANONYMOUS]]
?[0m?[0;34m2023-12-09 02:12:56.208 TRACE 76630 --- [nio-8881-exec-3] o.s.security.web.FilterChainProxy        : Invoking SessionManagementFilter (9/11)
?[0m?[0;34m2023-12-09 02:12:56.209 TRACE 76630 --- [nio-8881-exec-3] o.s.security.web.FilterChainProxy        : Invoking ExceptionTranslationFilter (10/11)
?[0m?[0;34m2023-12-09 02:12:56.209 TRACE 76630 --- [nio-8881-exec-3] o.s.security.web.FilterChainProxy        : Invoking AuthorizationFilter (11/11)
?[0m?[0;34m2023-12-09 02:12:56.209 TRACE 76630 --- [nio-8881-exec-3] estMatcherDelegatingAuthorizationManager : Authorizing SecurityContextHolderAwareRequestWrapper[ org.springframework.security.web.header.HeaderWriterFilter$HeaderWriterRequest@48c6af71]
?[0m?[0;34m2023-12-09 02:12:56.209 TRACE 76630 --- [nio-8881-exec-3] estMatcherDelegatingAuthorizationManager : Checking authorization on SecurityContextHolderAwareRequestWrapper[ org.springframework.security.web.header.HeaderWriterFilter$HeaderWriterRequest@48c6af71] using org.springframework.security.config.annotation.web.configurers.AuthorizeHttpRequestsConfigurer$AuthorizedUrl$$Lambda$1137/0x000000b8009884a8@1c82970b
?[0m?[0;34m2023-12-09 02:12:56.209 DEBUG 76630 --- [nio-8881-exec-3] o.s.security.web.FilterChainProxy        : Secured DELETE /api/recipe/1
?[0m?[0;34m2023-12-09 02:12:56.220 TRACE 76630 --- [nio-8881-exec-3] o.s.s.w.header.writers.HstsHeaderWriter  : Not injecting HSTS header since it did not match request to [Is Secure]
?[0m?[0;34m2023-12-09 02:12:56.220 DEBUG 76630 --- [nio-8881-exec-3] s.s.w.c.SecurityContextPersistenceFilter : Cleared SecurityContextHolder to complete request
?[1;31m
Start test 9?[0m
?[0;34m2023-12-09 02:12:56.223 TRACE 76630 --- [nio-8881-exec-4] o.s.security.web.FilterChainProxy        : Trying to match request against DefaultSecurityFilterChain [RequestMatcher=any request, Filters=[org.springframework.security.web.context.request.async.WebAsyncManagerIntegrationFilter@415c5469, org.springframework.security.web.context.SecurityContextPersistenceFilter@61c946a0, org.springframework.security.web.header.HeaderWriterFilter@7aa44fa2, org.springframework.security.web.authentication.logout.LogoutFilter@3220ffb, org.springframework.security.web.authentication.www.BasicAuthenticationFilter@53791a39, org.springframework.security.web.savedrequest.RequestCacheAwareFilter@227e4ea8, org.springframework.security.web.servletapi.SecurityContextHolderAwareRequestFilter@7a7fdc1a, org.springframework.security.web.authentication.AnonymousAuthenticationFilter@5aef36a9, org.springframework.security.web.session.SessionManagementFilter@4c43c37d, org.springframework.security.web.access.ExceptionTranslationFilter@70b67841, org.springframework.security.web.access.intercept.AuthorizationFilter@5292d417]] (1/1)
?[0m?[0;34m2023-12-09 02:12:56.223 DEBUG 76630 --- [nio-8881-exec-4] o.s.security.web.FilterChainProxy        : Securing DELETE /api/recipe/1
?[0m?[0;34m2023-12-09 02:12:56.223 TRACE 76630 --- [nio-8881-exec-4] o.s.security.web.FilterChainProxy        : Invoking WebAsyncManagerIntegrationFilter (1/11)
?[0m?[0;34m2023-12-09 02:12:56.223 TRACE 76630 --- [nio-8881-exec-4] o.s.security.web.FilterChainProxy        : Invoking SecurityContextPersistenceFilter (2/11)
?[0m?[0;34m2023-12-09 02:12:56.223 DEBUG 76630 --- [nio-8881-exec-4] s.s.w.c.SecurityContextPersistenceFilter : Set SecurityContextHolder to empty SecurityContext
?[0m?[0;34m2023-12-09 02:12:56.223 TRACE 76630 --- [nio-8881-exec-4] o.s.security.web.FilterChainProxy        : Invoking HeaderWriterFilter (3/11)
?[0m?[0;34m2023-12-09 02:12:56.224 TRACE 76630 --- [nio-8881-exec-4] o.s.security.web.FilterChainProxy        : Invoking LogoutFilter (4/11)
?[0m?[0;34m2023-12-09 02:12:56.224 TRACE 76630 --- [nio-8881-exec-4] o.s.s.w.a.logout.LogoutFilter            : Did not match request to Or [Ant [pattern='/logout', GET], Ant [pattern='/logout', POST], Ant [pattern='/logout', PUT], Ant [pattern='/logout', DELETE]]
?[0m?[0;34m2023-12-09 02:12:56.224 TRACE 76630 --- [nio-8881-exec-4] o.s.security.web.FilterChainProxy        : Invoking BasicAuthenticationFilter (5/11)
?[0m?[0;34m2023-12-09 02:12:56.224 TRACE 76630 --- [nio-8881-exec-4] o.s.s.w.a.www.BasicAuthenticationFilter  : Did not process authentication request since failed to find username and password in Basic Authorization header
?[0m?[0;34m2023-12-09 02:12:56.224 TRACE 76630 --- [nio-8881-exec-4] o.s.security.web.FilterChainProxy        : Invoking RequestCacheAwareFilter (6/11)
?[0m?[0;34m2023-12-09 02:12:56.224 TRACE 76630 --- [nio-8881-exec-4] o.s.security.web.FilterChainProxy        : Invoking SecurityContextHolderAwareRequestFilter (7/11)
?[0m?[0;34m2023-12-09 02:12:56.224 TRACE 76630 --- [nio-8881-exec-4] o.s.security.web.FilterChainProxy        : Invoking AnonymousAuthenticationFilter (8/11)
?[0m?[0;34m2023-12-09 02:12:56.224 TRACE 76630 --- [nio-8881-exec-4] o.s.s.w.a.AnonymousAuthenticationFilter  : Set SecurityContextHolder to AnonymousAuthenticationToken [Principal=anonymousUser, Credentials=[PROTECTED], Authenticated=true, Details=WebAuthenticationDetails [RemoteIpAddress=127.0.0.1, SessionId=null], Granted Authorities=[ROLE_ANONYMOUS]]
?[0m?[0;34m2023-12-09 02:12:56.224 TRACE 76630 --- [nio-8881-exec-4] o.s.security.web.FilterChainProxy        : Invoking SessionManagementFilter (9/11)
?[0m?[0;34m2023-12-09 02:12:56.224 TRACE 76630 --- [nio-8881-exec-4] o.s.security.web.FilterChainProxy        : Invoking ExceptionTranslationFilter (10/11)
?[0m?[0;34m2023-12-09 02:12:56.224 TRACE 76630 --- [nio-8881-exec-4] o.s.security.web.FilterChainProxy        : Invoking AuthorizationFilter (11/11)
?[0m?[0;34m2023-12-09 02:12:56.224 TRACE 76630 --- [nio-8881-exec-4] estMatcherDelegatingAuthorizationManager : Authorizing SecurityContextHolderAwareRequestWrapper[ org.springframework.security.web.header.HeaderWriterFilter$HeaderWriterRequest@3ee71688]
?[0m?[0;34m2023-12-09 02:12:56.224 TRACE 76630 --- [nio-8881-exec-4] estMatcherDelegatingAuthorizationManager : Checking authorization on SecurityContextHolderAwareRequestWrapper[ org.springframework.security.web.header.HeaderWriterFilter$HeaderWriterRequest@3ee71688] using org.springframework.security.config.annotation.web.configurers.AuthorizeHttpRequestsConfigurer$AuthorizedUrl$$Lambda$1137/0x000000b8009884a8@1c82970b
?[0m?[0;34m2023-12-09 02:12:56.224 DEBUG 76630 --- [nio-8881-exec-4] o.s.security.web.FilterChainProxy        : Secured DELETE /api/recipe/1
?[0m?[0;34m2023-12-09 02:12:56.226  INFO 76630 --- [nio-8881-exec-4] r.E.ControllerExceptionHandler           : [Exception | handleNotFound] Recipe not found. method thrown
?[0m?[0;34m2023-12-09 02:12:56.228 TRACE 76630 --- [nio-8881-exec-4] o.s.s.w.header.writers.HstsHeaderWriter  : Not injecting HSTS header since it did not match request to [Is Secure]
?[0m?[0;34m2023-12-09 02:12:56.228 DEBUG 76630 --- [nio-8881-exec-4] s.s.w.c.SecurityContextPersistenceFilter : Cleared SecurityContextHolder to complete request
?[1;31m
Start test 10?[0m
?[0;34m2023-12-09 02:12:56.231 TRACE 76630 --- [nio-8881-exec-5] o.s.security.web.FilterChainProxy        : Trying to match request against DefaultSecurityFilterChain [RequestMatcher=any request, Filters=[org.springframework.security.web.context.request.async.WebAsyncManagerIntegrationFilter@415c5469, org.springframework.security.web.context.SecurityContextPersistenceFilter@61c946a0, org.springframework.security.web.header.HeaderWriterFilter@7aa44fa2, org.springframework.security.web.authentication.logout.LogoutFilter@3220ffb, org.springframework.security.web.authentication.www.BasicAuthenticationFilter@53791a39, org.springframework.security.web.savedrequest.RequestCacheAwareFilter@227e4ea8, org.springframework.security.web.servletapi.SecurityContextHolderAwareRequestFilter@7a7fdc1a, org.springframework.security.web.authentication.AnonymousAuthenticationFilter@5aef36a9, org.springframework.security.web.session.SessionManagementFilter@4c43c37d, org.springframework.security.web.access.ExceptionTranslationFilter@70b67841, org.springframework.security.web.access.intercept.AuthorizationFilter@5292d417]] (1/1)
?[0m?[0;34m2023-12-09 02:12:56.232 DEBUG 76630 --- [nio-8881-exec-5] o.s.security.web.FilterChainProxy        : Securing GET /api/recipe/1
?[0m?[0;34m2023-12-09 02:12:56.232 TRACE 76630 --- [nio-8881-exec-5] o.s.security.web.FilterChainProxy        : Invoking WebAsyncManagerIntegrationFilter (1/11)
?[0m?[0;34m2023-12-09 02:12:56.232 TRACE 76630 --- [nio-8881-exec-5] o.s.security.web.FilterChainProxy        : Invoking SecurityContextPersistenceFilter (2/11)
?[0m?[0;34m2023-12-09 02:12:56.232 DEBUG 76630 --- [nio-8881-exec-5] s.s.w.c.SecurityContextPersistenceFilter : Set SecurityContextHolder to empty SecurityContext
?[0m?[0;34m2023-12-09 02:12:56.232 TRACE 76630 --- [nio-8881-exec-5] o.s.security.web.FilterChainProxy        : Invoking HeaderWriterFilter (3/11)
?[0m?[0;34m2023-12-09 02:12:56.232 TRACE 76630 --- [nio-8881-exec-5] o.s.security.web.FilterChainProxy        : Invoking LogoutFilter (4/11)
?[0m?[0;34m2023-12-09 02:12:56.232 TRACE 76630 --- [nio-8881-exec-5] o.s.s.w.a.logout.LogoutFilter            : Did not match request to Or [Ant [pattern='/logout', GET], Ant [pattern='/logout', POST], Ant [pattern='/logout', PUT], Ant [pattern='/logout', DELETE]]
?[0m?[0;34m2023-12-09 02:12:56.232 TRACE 76630 --- [nio-8881-exec-5] o.s.security.web.FilterChainProxy        : Invoking BasicAuthenticationFilter (5/11)
?[0m?[0;34m2023-12-09 02:12:56.232 TRACE 76630 --- [nio-8881-exec-5] o.s.s.w.a.www.BasicAuthenticationFilter  : Did not process authentication request since failed to find username and password in Basic Authorization header
?[0m?[0;34m2023-12-09 02:12:56.232 TRACE 76630 --- [nio-8881-exec-5] o.s.security.web.FilterChainProxy        : Invoking RequestCacheAwareFilter (6/11)
?[0m?[0;34m2023-12-09 02:12:56.232 TRACE 76630 --- [nio-8881-exec-5] o.s.security.web.FilterChainProxy        : Invoking SecurityContextHolderAwareRequestFilter (7/11)
?[0m?[0;34m2023-12-09 02:12:56.232 TRACE 76630 --- [nio-8881-exec-5] o.s.security.web.FilterChainProxy        : Invoking AnonymousAuthenticationFilter (8/11)
?[0m?[0;34m2023-12-09 02:12:56.232 TRACE 76630 --- [nio-8881-exec-5] o.s.s.w.a.AnonymousAuthenticationFilter  : Set SecurityContextHolder to AnonymousAuthenticationToken [Principal=anonymousUser, Credentials=[PROTECTED], Authenticated=true, Details=WebAuthenticationDetails [RemoteIpAddress=127.0.0.1, SessionId=null], Granted Authorities=[ROLE_ANONYMOUS]]
?[0m?[0;34m2023-12-09 02:12:56.232 TRACE 76630 --- [nio-8881-exec-5] o.s.security.web.FilterChainProxy        : Invoking SessionManagementFilter (9/11)
?[0m?[0;34m2023-12-09 02:12:56.232 TRACE 76630 --- [nio-8881-exec-5] o.s.security.web.FilterChainProxy        : Invoking ExceptionTranslationFilter (10/11)
?[0m?[0;34m2023-12-09 02:12:56.232 TRACE 76630 --- [nio-8881-exec-5] o.s.security.web.FilterChainProxy        : Invoking AuthorizationFilter (11/11)
?[0m?[0;34m2023-12-09 02:12:56.232 TRACE 76630 --- [nio-8881-exec-5] estMatcherDelegatingAuthorizationManager : Authorizing SecurityContextHolderAwareRequestWrapper[ org.springframework.security.web.header.HeaderWriterFilter$HeaderWriterRequest@235c2762]
?[0m?[0;34m2023-12-09 02:12:56.232 TRACE 76630 --- [nio-8881-exec-5] estMatcherDelegatingAuthorizationManager : Checking authorization on SecurityContextHolderAwareRequestWrapper[ org.springframework.security.web.header.HeaderWriterFilter$HeaderWriterRequest@235c2762] using org.springframework.security.config.annotation.web.configurers.AuthorizeHttpRequestsConfigurer$AuthorizedUrl$$Lambda$1137/0x000000b8009884a8@1c82970b
?[0m?[0;34m2023-12-09 02:12:56.232 DEBUG 76630 --- [nio-8881-exec-5] o.s.security.web.FilterChainProxy        : Secured GET /api/recipe/1
?[0m?[0;34m2023-12-09 02:12:56.233  INFO 76630 --- [nio-8881-exec-5] r.E.ControllerExceptionHandler           : [Exception | handleNotFound] Recipe not found. method thrown
?[0m?[0;34m2023-12-09 02:12:56.234 TRACE 76630 --- [nio-8881-exec-5] o.s.s.w.header.writers.HstsHeaderWriter  : Not injecting HSTS header since it did not match request to [Is Secure]
?[0m?[0;34m2023-12-09 02:12:56.234 DEBUG 76630 --- [nio-8881-exec-5] s.s.w.c.SecurityContextPersistenceFilter : Cleared SecurityContextHolder to complete request
?[1;31m
Start test 11?[0m
?[0;34m2023-12-09 02:12:56.237 TRACE 76630 --- [nio-8881-exec-6] o.s.security.web.FilterChainProxy        : Trying to match request against DefaultSecurityFilterChain [RequestMatcher=any request, Filters=[org.springframework.security.web.context.request.async.WebAsyncManagerIntegrationFilter@415c5469, org.springframework.security.web.context.SecurityContextPersistenceFilter@61c946a0, org.springframework.security.web.header.HeaderWriterFilter@7aa44fa2, org.springframework.security.web.authentication.logout.LogoutFilter@3220ffb, org.springframework.security.web.authentication.www.BasicAuthenticationFilter@53791a39, org.springframework.security.web.savedrequest.RequestCacheAwareFilter@227e4ea8, org.springframework.security.web.servletapi.SecurityContextHolderAwareRequestFilter@7a7fdc1a, org.springframework.security.web.authentication.AnonymousAuthenticationFilter@5aef36a9, org.springframework.security.web.session.SessionManagementFilter@4c43c37d, org.springframework.security.web.access.ExceptionTranslationFilter@70b67841, org.springframework.security.web.access.intercept.AuthorizationFilter@5292d417]] (1/1)
?[0m?[0;34m2023-12-09 02:12:56.237 DEBUG 76630 --- [nio-8881-exec-6] o.s.security.web.FilterChainProxy        : Securing POST /api/recipe/new
?[0m?[0;34m2023-12-09 02:12:56.237 TRACE 76630 --- [nio-8881-exec-6] o.s.security.web.FilterChainProxy        : Invoking WebAsyncManagerIntegrationFilter (1/11)
?[0m?[0;34m2023-12-09 02:12:56.237 TRACE 76630 --- [nio-8881-exec-6] o.s.security.web.FilterChainProxy        : Invoking SecurityContextPersistenceFilter (2/11)
?[0m?[0;34m2023-12-09 02:12:56.237 DEBUG 76630 --- [nio-8881-exec-6] s.s.w.c.SecurityContextPersistenceFilter : Set SecurityContextHolder to empty SecurityContext
?[0m?[0;34m2023-12-09 02:12:56.237 TRACE 76630 --- [nio-8881-exec-6] o.s.security.web.FilterChainProxy        : Invoking HeaderWriterFilter (3/11)
?[0m?[0;34m2023-12-09 02:12:56.237 TRACE 76630 --- [nio-8881-exec-6] o.s.security.web.FilterChainProxy        : Invoking LogoutFilter (4/11)
?[0m?[0;34m2023-12-09 02:12:56.237 TRACE 76630 --- [nio-8881-exec-6] o.s.s.w.a.logout.LogoutFilter            : Did not match request to Or [Ant [pattern='/logout', GET], Ant [pattern='/logout', POST], Ant [pattern='/logout', PUT], Ant [pattern='/logout', DELETE]]
?[0m?[0;34m2023-12-09 02:12:56.237 TRACE 76630 --- [nio-8881-exec-6] o.s.security.web.FilterChainProxy        : Invoking BasicAuthenticationFilter (5/11)
?[0m?[0;34m2023-12-09 02:12:56.237 TRACE 76630 --- [nio-8881-exec-6] o.s.s.w.a.www.BasicAuthenticationFilter  : Did not process authentication request since failed to find username and password in Basic Authorization header
?[0m?[0;34m2023-12-09 02:12:56.237 TRACE 76630 --- [nio-8881-exec-6] o.s.security.web.FilterChainProxy        : Invoking RequestCacheAwareFilter (6/11)
?[0m?[0;34m2023-12-09 02:12:56.237 TRACE 76630 --- [nio-8881-exec-6] o.s.security.web.FilterChainProxy        : Invoking SecurityContextHolderAwareRequestFilter (7/11)
?[0m?[0;34m2023-12-09 02:12:56.237 TRACE 76630 --- [nio-8881-exec-6] o.s.security.web.FilterChainProxy        : Invoking AnonymousAuthenticationFilter (8/11)
?[0m?[0;34m2023-12-09 02:12:56.237 TRACE 76630 --- [nio-8881-exec-6] o.s.s.w.a.AnonymousAuthenticationFilter  : Set SecurityContextHolder to AnonymousAuthenticationToken [Principal=anonymousUser, Credentials=[PROTECTED], Authenticated=true, Details=WebAuthenticationDetails [RemoteIpAddress=127.0.0.1, SessionId=null], Granted Authorities=[ROLE_ANONYMOUS]]
?[0m?[0;34m2023-12-09 02:12:56.237 TRACE 76630 --- [nio-8881-exec-6] o.s.security.web.FilterChainProxy        : Invoking SessionManagementFilter (9/11)
?[0m?[0;34m2023-12-09 02:12:56.237 TRACE 76630 --- [nio-8881-exec-6] o.s.security.web.FilterChainProxy        : Invoking ExceptionTranslationFilter (10/11)
?[0m?[0;34m2023-12-09 02:12:56.237 TRACE 76630 --- [nio-8881-exec-6] o.s.security.web.FilterChainProxy        : Invoking AuthorizationFilter (11/11)
?[0m?[0;34m2023-12-09 02:12:56.237 TRACE 76630 --- [nio-8881-exec-6] estMatcherDelegatingAuthorizationManager : Authorizing SecurityContextHolderAwareRequestWrapper[ org.springframework.security.web.header.HeaderWriterFilter$HeaderWriterRequest@341e44ad]
?[0m?[0;34m2023-12-09 02:12:56.237 TRACE 76630 --- [nio-8881-exec-6] estMatcherDelegatingAuthorizationManager : Checking authorization on SecurityContextHolderAwareRequestWrapper[ org.springframework.security.web.header.HeaderWriterFilter$HeaderWriterRequest@341e44ad] using org.springframework.security.config.annotation.web.configurers.AuthorizeHttpRequestsConfigurer$AuthorizedUrl$$Lambda$1137/0x000000b8009884a8@1c82970b
?[0m?[0;34m2023-12-09 02:12:56.237 DEBUG 76630 --- [nio-8881-exec-6] o.s.security.web.FilterChainProxy        : Secured POST /api/recipe/new
?[0m?[0;34m2023-12-09 02:12:56.251 TRACE 76630 --- [nio-8881-exec-6] o.s.s.w.header.writers.HstsHeaderWriter  : Not injecting HSTS header since it did not match request to [Is Secure]
?[0m?[0;34m2023-12-09 02:12:56.251 DEBUG 76630 --- [nio-8881-exec-6] s.s.w.c.SecurityContextPersistenceFilter : Cleared SecurityContextHolder to complete request
?[1;31m
Start test 12?[0m
?[0;34m2023-12-09 02:12:56.254 TRACE 76630 --- [nio-8881-exec-7] o.s.security.web.FilterChainProxy        : Trying to match request against DefaultSecurityFilterChain [RequestMatcher=any request, Filters=[org.springframework.security.web.context.request.async.WebAsyncManagerIntegrationFilter@415c5469, org.springframework.security.web.context.SecurityContextPersistenceFilter@61c946a0, org.springframework.security.web.header.HeaderWriterFilter@7aa44fa2, org.springframework.security.web.authentication.logout.LogoutFilter@3220ffb, org.springframework.security.web.authentication.www.BasicAuthenticationFilter@53791a39, org.springframework.security.web.savedrequest.RequestCacheAwareFilter@227e4ea8, org.springframework.security.web.servletapi.SecurityContextHolderAwareRequestFilter@7a7fdc1a, org.springframework.security.web.authentication.AnonymousAuthenticationFilter@5aef36a9, org.springframework.security.web.session.SessionManagementFilter@4c43c37d, org.springframework.security.web.access.ExceptionTranslationFilter@70b67841, org.springframework.security.web.access.intercept.AuthorizationFilter@5292d417]] (1/1)
?[0m?[0;34m2023-12-09 02:12:56.254 DEBUG 76630 --- [nio-8881-exec-7] o.s.security.web.FilterChainProxy        : Securing POST /api/recipe/new
?[0m?[0;34m2023-12-09 02:12:56.254 TRACE 76630 --- [nio-8881-exec-7] o.s.security.web.FilterChainProxy        : Invoking WebAsyncManagerIntegrationFilter (1/11)
?[0m?[0;34m2023-12-09 02:12:56.254 TRACE 76630 --- [nio-8881-exec-7] o.s.security.web.FilterChainProxy        : Invoking SecurityContextPersistenceFilter (2/11)
?[0m?[0;34m2023-12-09 02:12:56.254 DEBUG 76630 --- [nio-8881-exec-7] s.s.w.c.SecurityContextPersistenceFilter : Set SecurityContextHolder to empty SecurityContext
?[0m?[0;34m2023-12-09 02:12:56.254 TRACE 76630 --- [nio-8881-exec-7] o.s.security.web.FilterChainProxy        : Invoking HeaderWriterFilter (3/11)
?[0m?[0;34m2023-12-09 02:12:56.254 TRACE 76630 --- [nio-8881-exec-7] o.s.security.web.FilterChainProxy        : Invoking LogoutFilter (4/11)
?[0m?[0;34m2023-12-09 02:12:56.254 TRACE 76630 --- [nio-8881-exec-7] o.s.s.w.a.logout.LogoutFilter            : Did not match request to Or [Ant [pattern='/logout', GET], Ant [pattern='/logout', POST], Ant [pattern='/logout', PUT], Ant [pattern='/logout', DELETE]]
?[0m?[0;34m2023-12-09 02:12:56.254 TRACE 76630 --- [nio-8881-exec-7] o.s.security.web.FilterChainProxy        : Invoking BasicAuthenticationFilter (5/11)
?[0m?[0;34m2023-12-09 02:12:56.254 TRACE 76630 --- [nio-8881-exec-7] o.s.s.w.a.www.BasicAuthenticationFilter  : Did not process authentication request since failed to find username and password in Basic Authorization header
?[0m?[0;34m2023-12-09 02:12:56.254 TRACE 76630 --- [nio-8881-exec-7] o.s.security.web.FilterChainProxy        : Invoking RequestCacheAwareFilter (6/11)
?[0m?[0;34m2023-12-09 02:12:56.254 TRACE 76630 --- [nio-8881-exec-7] o.s.security.web.FilterChainProxy        : Invoking SecurityContextHolderAwareRequestFilter (7/11)
?[0m?[0;34m2023-12-09 02:12:56.254 TRACE 76630 --- [nio-8881-exec-7] o.s.security.web.FilterChainProxy        : Invoking AnonymousAuthenticationFilter (8/11)
?[0m?[0;34m2023-12-09 02:12:56.254 TRACE 76630 --- [nio-8881-exec-7] o.s.s.w.a.AnonymousAuthenticationFilter  : Set SecurityContextHolder to AnonymousAuthenticationToken [Principal=anonymousUser, Credentials=[PROTECTED], Authenticated=true, Details=WebAuthenticationDetails [RemoteIpAddress=127.0.0.1, SessionId=null], Granted Authorities=[ROLE_ANONYMOUS]]
?[0m?[0;34m2023-12-09 02:12:56.254 TRACE 76630 --- [nio-8881-exec-7] o.s.security.web.FilterChainProxy        : Invoking SessionManagementFilter (9/11)
?[0m?[0;34m2023-12-09 02:12:56.254 TRACE 76630 --- [nio-8881-exec-7] o.s.security.web.FilterChainProxy        : Invoking ExceptionTranslationFilter (10/11)
?[0m?[0;34m2023-12-09 02:12:56.255 TRACE 76630 --- [nio-8881-exec-7] o.s.security.web.FilterChainProxy        : Invoking AuthorizationFilter (11/11)
?[0m?[0;34m2023-12-09 02:12:56.255 TRACE 76630 --- [nio-8881-exec-7] estMatcherDelegatingAuthorizationManager : Authorizing SecurityContextHolderAwareRequestWrapper[ org.springframework.security.web.header.HeaderWriterFilter$HeaderWriterRequest@261a4227]
?[0m?[0;34m2023-12-09 02:12:56.255 TRACE 76630 --- [nio-8881-exec-7] estMatcherDelegatingAuthorizationManager : Checking authorization on SecurityContextHolderAwareRequestWrapper[ org.springframework.security.web.header.HeaderWriterFilter$HeaderWriterRequest@261a4227] using org.springframework.security.config.annotation.web.configurers.AuthorizeHttpRequestsConfigurer$AuthorizedUrl$$Lambda$1137/0x000000b8009884a8@1c82970b
?[0m?[0;34m2023-12-09 02:12:56.255 DEBUG 76630 --- [nio-8881-exec-7] o.s.security.web.FilterChainProxy        : Secured POST /api/recipe/new
?[0m?[0;34m2023-12-09 02:12:56.256 TRACE 76630 --- [nio-8881-exec-7] o.s.s.w.header.writers.HstsHeaderWriter  : Not injecting HSTS header since it did not match request to [Is Secure]
?[0m?[0;34m2023-12-09 02:12:56.256 DEBUG 76630 --- [nio-8881-exec-7] s.s.w.c.SecurityContextPersistenceFilter : Cleared SecurityContextHolder to complete request
?[1;31m
Start test 13?[0m
?[0;34m2023-12-09 02:12:56.259 TRACE 76630 --- [nio-8881-exec-8] o.s.security.web.FilterChainProxy        : Trying to match request against DefaultSecurityFilterChain [RequestMatcher=any request, Filters=[org.springframework.security.web.context.request.async.WebAsyncManagerIntegrationFilter@415c5469, org.springframework.security.web.context.SecurityContextPersistenceFilter@61c946a0, org.springframework.security.web.header.HeaderWriterFilter@7aa44fa2, org.springframework.security.web.authentication.logout.LogoutFilter@3220ffb, org.springframework.security.web.authentication.www.BasicAuthenticationFilter@53791a39, org.springframework.security.web.savedrequest.RequestCacheAwareFilter@227e4ea8, org.springframework.security.web.servletapi.SecurityContextHolderAwareRequestFilter@7a7fdc1a, org.springframework.security.web.authentication.AnonymousAuthenticationFilter@5aef36a9, org.springframework.security.web.session.SessionManagementFilter@4c43c37d, org.springframework.security.web.access.ExceptionTranslationFilter@70b67841, org.springframework.security.web.access.intercept.AuthorizationFilter@5292d417]] (1/1)
?[0m?[0;34m2023-12-09 02:12:56.259 DEBUG 76630 --- [nio-8881-exec-8] o.s.security.web.FilterChainProxy        : Securing POST /api/recipe/new
?[0m?[0;34m2023-12-09 02:12:56.259 TRACE 76630 --- [nio-8881-exec-8] o.s.security.web.FilterChainProxy        : Invoking WebAsyncManagerIntegrationFilter (1/11)
?[0m?[0;34m2023-12-09 02:12:56.259 TRACE 76630 --- [nio-8881-exec-8] o.s.security.web.FilterChainProxy        : Invoking SecurityContextPersistenceFilter (2/11)
?[0m?[0;34m2023-12-09 02:12:56.259 DEBUG 76630 --- [nio-8881-exec-8] s.s.w.c.SecurityContextPersistenceFilter : Set SecurityContextHolder to empty SecurityContext
?[0m?[0;34m2023-12-09 02:12:56.259 TRACE 76630 --- [nio-8881-exec-8] o.s.security.web.FilterChainProxy        : Invoking HeaderWriterFilter (3/11)
?[0m?[0;34m2023-12-09 02:12:56.259 TRACE 76630 --- [nio-8881-exec-8] o.s.security.web.FilterChainProxy        : Invoking LogoutFilter (4/11)
?[0m?[0;34m2023-12-09 02:12:56.259 TRACE 76630 --- [nio-8881-exec-8] o.s.s.w.a.logout.LogoutFilter            : Did not match request to Or [Ant [pattern='/logout', GET], Ant [pattern='/logout', POST], Ant [pattern='/logout', PUT], Ant [pattern='/logout', DELETE]]
?[0m?[0;34m2023-12-09 02:12:56.259 TRACE 76630 --- [nio-8881-exec-8] o.s.security.web.FilterChainProxy        : Invoking BasicAuthenticationFilter (5/11)
?[0m?[0;34m2023-12-09 02:12:56.259 TRACE 76630 --- [nio-8881-exec-8] o.s.s.w.a.www.BasicAuthenticationFilter  : Did not process authentication request since failed to find username and password in Basic Authorization header
?[0m?[0;34m2023-12-09 02:12:56.259 TRACE 76630 --- [nio-8881-exec-8] o.s.security.web.FilterChainProxy        : Invoking RequestCacheAwareFilter (6/11)
?[0m?[0;34m2023-12-09 02:12:56.259 TRACE 76630 --- [nio-8881-exec-8] o.s.security.web.FilterChainProxy        : Invoking SecurityContextHolderAwareRequestFilter (7/11)
?[0m?[0;34m2023-12-09 02:12:56.259 TRACE 76630 --- [nio-8881-exec-8] o.s.security.web.FilterChainProxy        : Invoking AnonymousAuthenticationFilter (8/11)
?[0m?[0;34m2023-12-09 02:12:56.259 TRACE 76630 --- [nio-8881-exec-8] o.s.s.w.a.AnonymousAuthenticationFilter  : Set SecurityContextHolder to AnonymousAuthenticationToken [Principal=anonymousUser, Credentials=[PROTECTED], Authenticated=true, Details=WebAuthenticationDetails [RemoteIpAddress=127.0.0.1, SessionId=null], Granted Authorities=[ROLE_ANONYMOUS]]
[...]
?[0m?[0;34m2023-12-09 02:12:56.274 DEBUG 76630 --- [nio-8881-exec-1] o.s.security.web.FilterChainProxy        : Securing POST /api/recipe/new
?[0m?[0;34m2023-12-09 02:12:56.274 TRACE 76630 --- [nio-8881-exec-1] o.s.security.web.FilterChainProxy        : Invoking WebAsyncManagerIntegrationFilter (1/11)
?[0m?[0;34m2023-12-09 02:12:56.274 TRACE 76630 --- [nio-8881-exec-1] o.s.security.web.FilterChainProxy        : Invoking SecurityContextPersistenceFilter (2/11)
?[0m?[0;34m2023-12-09 02:12:56.274 DEBUG 76630 --- [nio-8881-exec-1] s.s.w.c.SecurityContextPersistenceFilter : Set SecurityContextHolder to empty SecurityContext
?[0m?[0;34m2023-12-09 02:12:56.274 TRACE 76630 --- [nio-8881-exec-1] o.s.security.web.FilterChainProxy        : Invoking HeaderWriterFilter (3/11)
?[0m?[0;34m2023-12-09 02:12:56.274 TRACE 76630 --- [nio-8881-exec-1] o.s.security.web.FilterChainProxy        : Invoking LogoutFilter (4/11)
?[0m?[0;34m2023-12-09 02:12:56.274 TRACE 76630 --- [nio-8881-exec-1] o.s.s.w.a.logout.LogoutFilter            : Did not match request to Or [Ant [pattern='/logout', GET], Ant [pattern='/logout', POST], Ant [pattern='/logout', PUT], Ant [pattern='/logout', DELETE]]
?[0m?[0;34m2023-12-09 02:12:56.274 TRACE 76630 --- [nio-8881-exec-1] o.s.security.web.FilterChainProxy        : Invoking BasicAuthenticationFilter (5/11)
?[0m?[0;34m2023-12-09 02:12:56.274 TRACE 76630 --- [nio-8881-exec-1] o.s.s.w.a.www.BasicAuthenticationFilter  : Did not process authentication request since failed to find username and password in Basic Authorization header
?[0m?[0;34m2023-12-09 02:12:56.274 TRACE 76630 --- [nio-8881-exec-1] o.s.security.web.FilterChainProxy        : Invoking RequestCacheAwareFilter (6/11)
?[0m?[0;34m2023-12-09 02:12:56.274 TRACE 76630 --- [nio-8881-exec-1] o.s.security.web.FilterChainProxy        : Invoking SecurityContextHolderAwareRequestFilter (7/11)
?[0m?[0;34m2023-12-09 02:12:56.274 TRACE 76630 --- [nio-8881-exec-1] o.s.security.web.FilterChainProxy        : Invoking AnonymousAuthenticationFilter (8/11)
?[0m?[0;34m2023-12-09 02:12:56.274 TRACE 76630 --- [nio-8881-exec-1] o.s.s.w.a.AnonymousAuthenticationFilter  : Set SecurityContextHolder to AnonymousAuthenticationToken [Principal=anonymousUser, Credentials=[PROTECTED], Authenticated=true, Details=WebAuthenticationDetails [RemoteIpAddress=127.0.0.1, SessionId=null], Granted Authorities=[ROLE_ANONYMOUS]]
?[0m?[0;34m2023-12-09 02:12:56.274 TRACE 76630 --- [nio-8881-exec-1] o.s.security.web.FilterChainProxy        : Invoking SessionManagementFilter (9/11)
?[0m?[0;34m2023-12-09 02:12:56.275 TRACE 76630 --- [nio-8881-exec-1] o.s.security.web.FilterChainProxy        : Invoking ExceptionTranslationFilter (10/11)
?[0m?[0;34m2023-12-09 02:12:56.275 TRACE 76630 --- [nio-8881-exec-1] o.s.security.web.FilterChainProxy        : Invoking AuthorizationFilter (11/11)
?[0m?[0;34m2023-12-09 02:12:56.275 TRACE 76630 --- [nio-8881-exec-1] estMatcherDelegatingAuthorizationManager : Authorizing SecurityContextHolderAwareRequestWrapper[ org.springframework.security.web.header.HeaderWriterFilter$HeaderWriterRequest@230d1533]
?[0m?[0;34m2023-12-09 02:12:56.275 TRACE 76630 --- [nio-8881-exec-1] estMatcherDelegatingAuthorizationManager : Checking authorization on SecurityContextHolderAwareRequestWrapper[ org.springframework.security.web.header.HeaderWriterFilter$HeaderWriterRequest@230d1533] using org.springframework.security.config.annotation.web.configurers.AuthorizeHttpRequestsConfigurer$AuthorizedUrl$$Lambda$1137/0x000000b8009884a8@1c82970b
?[0m?[0;34m2023-12-09 02:12:56.275 DEBUG 76630 --- [nio-8881-exec-1] o.s.security.web.FilterChainProxy        : Secured POST /api/recipe/new
?[0m?[0;34m2023-12-09 02:12:56.276 TRACE 76630 --- [nio-8881-exec-1] o.s.s.w.header.writers.HstsHeaderWriter  : Not injecting HSTS header since it did not match request to [Is Secure]
?[0m?[0;34m2023-12-09 02:12:56.276 DEBUG 76630 --- [nio-8881-exec-1] s.s.w.c.SecurityContextPersistenceFilter : Cleared SecurityContextHolder to complete request
?[1;31m
Start test 17?[0m
?[0m?[0;34m2023-12-09 02:12:56.279 TRACE 76630 --- [nio-8881-exec-2] o.s.security.web.FilterChainProxy        : Trying to match request against DefaultSecurityFilterChain [RequestMatcher=any request, Filters=[org.springframework.security.web.context.request.async.WebAsyncManagerIntegrationFilter@415c5469, org.springframework.security.web.context.SecurityContextPersistenceFilter@61c946a0, org.springframework.security.web.header.HeaderWriterFilter@7aa44fa2, org.springframework.security.web.authentication.logout.LogoutFilter@3220ffb, org.springframework.security.web.authentication.www.BasicAuthenticationFilter@53791a39, org.springframework.security.web.savedrequest.RequestCacheAwareFilter@227e4ea8, org.springframework.security.web.servletapi.SecurityContextHolderAwareRequestFilter@7a7fdc1a, org.springframework.security.web.authentication.AnonymousAuthenticationFilter@5aef36a9, org.springframework.security.web.session.SessionManagementFilter@4c43c37d, org.springframework.security.web.access.ExceptionTranslationFilter@70b67841, org.springframework.security.web.access.intercept.AuthorizationFilter@5292d417]] (1/1)
?[0m?[0;34m2023-12-09 02:12:56.279 DEBUG 76630 --- [nio-8881-exec-2] o.s.security.web.FilterChainProxy        : Securing POST /api/recipe/new
?[0m?[0;34m2023-12-09 02:12:56.279 TRACE 76630 --- [nio-8881-exec-2] o.s.security.web.FilterChainProxy        : Invoking WebAsyncManagerIntegrationFilter (1/11)
?[0m?[0;34m2023-12-09 02:12:56.279 TRACE 76630 --- [nio-8881-exec-2] o.s.security.web.FilterChainProxy        : Invoking SecurityContextPersistenceFilter (2/11)
?[0m?[0;34m2023-12-09 02:12:56.279 DEBUG 76630 --- [nio-8881-exec-2] s.s.w.c.SecurityContextPersistenceFilter : Set SecurityContextHolder to empty SecurityContext
?[0m?[0;34m2023-12-09 02:12:56.279 TRACE 76630 --- [nio-8881-exec-2] o.s.security.web.FilterChainProxy        : Invoking HeaderWriterFilter (3/11)
?[0m?[0;34m2023-12-09 02:12:56.279 TRACE 76630 --- [nio-8881-exec-2] o.s.security.web.FilterChainProxy        : Invoking LogoutFilter (4/11)
?[0m?[0;34m2023-12-09 02:12:56.279 TRACE 76630 --- [nio-8881-exec-2] o.s.s.w.a.logout.LogoutFilter            : Did not match request to Or [Ant [pattern='/logout', GET], Ant [pattern='/logout', POST], Ant [pattern='/logout', PUT], Ant [pattern='/logout', DELETE]]
?[0m?[0;34m2023-12-09 02:12:56.279 TRACE 76630 --- [nio-8881-exec-2] o.s.security.web.FilterChainProxy        : Invoking BasicAuthenticationFilter (5/11)
?[0m?[0;34m2023-12-09 02:12:56.279 TRACE 76630 --- [nio-8881-exec-2] o.s.s.w.a.www.BasicAuthenticationFilter  : Did not process authentication request since failed to find username and password in Basic Authorization header
?[0m?[0;34m2023-12-09 02:12:56.279 TRACE 76630 --- [nio-8881-exec-2] o.s.security.web.FilterChainProxy        : Invoking RequestCacheAwareFilter (6/11)
?[0m?[0;34m2023-12-09 02:12:56.279 TRACE 76630 --- [nio-8881-exec-2] o.s.security.web.FilterChainProxy        : Invoking SecurityContextHolderAwareRequestFilter (7/11)
?[0m?[0;34m2023-12-09 02:12:56.279 TRACE 76630 --- [nio-8881-exec-2] o.s.security.web.FilterChainProxy        : Invoking AnonymousAuthenticationFilter (8/11)
?[0m?[0;34m2023-12-09 02:12:56.279 TRACE 76630 --- [nio-8881-exec-2] o.s.s.w.a.AnonymousAuthenticationFilter  : Set SecurityContextHolder to AnonymousAuthenticationToken [Principal=anonymousUser, Credentials=[PROTECTED], Authenticated=true, Details=WebAuthenticationDetails [RemoteIpAddress=127.0.0.1, SessionId=null], Granted Authorities=[ROLE_ANONYMOUS]]
?[0m?[0;34m2023-12-09 02:12:56.279 TRACE 76630 --- [nio-8881-exec-2] o.s.security.web.FilterChainProxy        : Invoking SessionManagementFilter (9/11)
?[0m?[0;34m2023-12-09 02:12:56.279 TRACE 76630 --- [nio-8881-exec-2] o.s.security.web.FilterChainProxy        : Invoking ExceptionTranslationFilter (10/11)
?[0m?[0;34m2023-12-09 02:12:56.280 TRACE 76630 --- [nio-8881-exec-2] o.s.security.web.FilterChainProxy        : Invoking AuthorizationFilter (11/11)
?[0m?[0;34m2023-12-09 02:12:56.280 TRACE 76630 --- [nio-8881-exec-2] estMatcherDelegatingAuthorizationManager : Authorizing SecurityContextHolderAwareRequestWrapper[ org.springframework.security.web.header.HeaderWriterFilter$HeaderWriterRequest@72de62ce]
?[0m?[0;34m2023-12-09 02:12:56.280 TRACE 76630 --- [nio-8881-exec-2] estMatcherDelegatingAuthorizationManager : Checking authorization on SecurityContextHolderAwareRequestWrapper[ org.springframework.security.web.header.HeaderWriterFilter$HeaderWriterRequest@72de62ce] using org.springframework.security.config.annotation.web.configurers.AuthorizeHttpRequestsConfigurer$AuthorizedUrl$$Lambda$1137/0x000000b8009884a8@1c82970b
?[0m?[0;34m2023-12-09 02:12:56.280 DEBUG 76630 --- [nio-8881-exec-2] o.s.security.web.FilterChainProxy        : Secured POST /api/recipe/new
?[0m?[0;34m2023-12-09 02:12:56.281 TRACE 76630 --- [nio-8881-exec-2] o.s.s.w.header.writers.HstsHeaderWriter  : Not injecting HSTS header since it did not match request to [Is Secure]
?[0m?[0;34m2023-12-09 02:12:56.281 DEBUG 76630 --- [nio-8881-exec-2] s.s.w.c.SecurityContextPersistenceFilter : Cleared SecurityContextHolder to complete request
?[1;31m
Start test 18?[0m
?[0m?[0;34m2023-12-09 02:12:56.285 TRACE 76630 --- [nio-8881-exec-3] o.s.security.web.FilterChainProxy        : Trying to match request against DefaultSecurityFilterChain [RequestMatcher=any request, Filters=[org.springframework.security.web.context.request.async.WebAsyncManagerIntegrationFilter@415c5469, org.springframework.security.web.context.SecurityContextPersistenceFilter@61c946a0, org.springframework.security.web.header.HeaderWriterFilter@7aa44fa2, org.springframework.security.web.authentication.logout.LogoutFilter@3220ffb, org.springframework.security.web.authentication.www.BasicAuthenticationFilter@53791a39, org.springframework.security.web.savedrequest.RequestCacheAwareFilter@227e4ea8, org.springframework.security.web.servletapi.SecurityContextHolderAwareRequestFilter@7a7fdc1a, org.springframework.security.web.authentication.AnonymousAuthenticationFilter@5aef36a9, org.springframework.security.web.session.SessionManagementFilter@4c43c37d, org.springframework.security.web.access.ExceptionTranslationFilter@70b67841, org.springframework.security.web.access.intercept.AuthorizationFilter@5292d417]] (1/1)
?[0m?[0;34m2023-12-09 02:12:56.285 DEBUG 76630 --- [nio-8881-exec-3] o.s.security.web.FilterChainProxy        : Securing POST /api/recipe/new
?[0m?[0;34m2023-12-09 02:12:56.285 TRACE 76630 --- [nio-8881-exec-3] o.s.security.web.FilterChainProxy        : Invoking WebAsyncManagerIntegrationFilter (1/11)
?[0m?[0;34m2023-12-09 02:12:56.285 TRACE 76630 --- [nio-8881-exec-3] o.s.security.web.FilterChainProxy        : Invoking SecurityContextPersistenceFilter (2/11)
?[0m?[0;34m2023-12-09 02:12:56.285 DEBUG 76630 --- [nio-8881-exec-3] s.s.w.c.SecurityContextPersistenceFilter : Set SecurityContextHolder to empty SecurityContext
?[0m?[0;34m2023-12-09 02:12:56.285 TRACE 76630 --- [nio-8881-exec-3] o.s.security.web.FilterChainProxy        : Invoking HeaderWriterFilter (3/11)
?[0m?[0;34m2023-12-09 02:12:56.285 TRACE 76630 --- [nio-8881-exec-3] o.s.security.web.FilterChainProxy        : Invoking LogoutFilter (4/11)
?[0m?[0;34m2023-12-09 02:12:56.285 TRACE 76630 --- [nio-8881-exec-3] o.s.s.w.a.logout.LogoutFilter            : Did not match request to Or [Ant [pattern='/logout', GET], Ant [pattern='/logout', POST], Ant [pattern='/logout', PUT], Ant [pattern='/logout', DELETE]]
?[0m?[0;34m2023-12-09 02:12:56.285 TRACE 76630 --- [nio-8881-exec-3] o.s.security.web.FilterChainProxy        : Invoking BasicAuthenticationFilter (5/11)
?[0m?[0;34m2023-12-09 02:12:56.285 TRACE 76630 --- [nio-8881-exec-3] o.s.s.w.a.www.BasicAuthenticationFilter  : Did not process authentication request since failed to find username and password in Basic Authorization header
?[0m?[0;34m2023-12-09 02:12:56.285 TRACE 76630 --- [nio-8881-exec-3] o.s.security.web.FilterChainProxy        : Invoking RequestCacheAwareFilter (6/11)
?[0m?[0;34m2023-12-09 02:12:56.285 TRACE 76630 --- [nio-8881-exec-3] o.s.security.web.FilterChainProxy        : Invoking SecurityContextHolderAwareRequestFilter (7/11)
?[0m?[0;34m2023-12-09 02:12:56.285 TRACE 76630 --- [nio-8881-exec-3] o.s.security.web.FilterChainProxy        : Invoking AnonymousAuthenticationFilter (8/11)
?[0m?[0;34m2023-12-09 02:12:56.285 TRACE 76630 --- [nio-8881-exec-3] o.s.s.w.a.AnonymousAuthenticationFilter  : Set SecurityContextHolder to AnonymousAuthenticationToken [Principal=anonymousUser, Credentials=[PROTECTED], Authenticated=true, Details=WebAuthenticationDetails [RemoteIpAddress=127.0.0.1, SessionId=null], Granted Authorities=[ROLE_ANONYMOUS]]
?[0m?[0;34m2023-12-09 02:12:56.285 TRACE 76630 --- [nio-8881-exec-3] o.s.security.web.FilterChainProxy        : Invoking SessionManagementFilter (9/11)
?[0m?[0;34m2023-12-09 02:12:56.285 TRACE 76630 --- [nio-8881-exec-3] o.s.security.web.FilterChainProxy        : Invoking ExceptionTranslationFilter (10/11)
?[0m?[0;34m2023-12-09 02:12:56.285 TRACE 76630 --- [nio-8881-exec-3] o.s.security.web.FilterChainProxy        : Invoking AuthorizationFilter (11/11)
?[0m?[0;34m2023-12-09 02:12:56.285 TRACE 76630 --- [nio-8881-exec-3] estMatcherDelegatingAuthorizationManager : Authorizing SecurityContextHolderAwareRequestWrapper[ org.springframework.security.web.header.HeaderWriterFilter$HeaderWriterRequest@15de45c3]
?[0m?[0;34m2023-12-09 02:12:56.285 TRACE 76630 --- [nio-8881-exec-3] estMatcherDelegatingAuthorizationManager : Checking authorization on SecurityContextHolderAwareRequestWrapper[ org.springframework.security.web.header.HeaderWriterFilter$HeaderWriterRequest@15de45c3] using org.springframework.security.config.annotation.web.configurers.AuthorizeHttpRequestsConfigurer$AuthorizedUrl$$Lambda$1137/0x000000b8009884a8@1c82970b
?[0m?[0;34m2023-12-09 02:12:56.285 DEBUG 76630 --- [nio-8881-exec-3] o.s.security.web.FilterChainProxy        : Secured POST /api/recipe/new
?[0m?[0;34m2023-12-09 02:12:56.286 TRACE 76630 --- [nio-8881-exec-3] o.s.s.w.header.writers.HstsHeaderWriter  : Not injecting HSTS header since it did not match request to [Is Secure]
?[0m?[0;34m2023-12-09 02:12:56.286 DEBUG 76630 --- [nio-8881-exec-3] s.s.w.c.SecurityContextPersistenceFilter : Cleared SecurityContextHolder to complete request
?[0m2023-12-09 02:12:56.290 TRACE 76630 --- [nio-8881-exec-4] o.s.security.web.FilterChainProxy        : Trying to match request against DefaultSecurityFilterChain [RequestMatcher=any request, Filters=[org.springframework.security.web.context.request.async.WebAsyncManagerIntegrationFilter@415c5469, org.springframework.security.web.context.SecurityContextPersistenceFilter@61c946a0, org.springframework.security.web.header.HeaderWriterFilter@7aa44fa2, org.springframework.security.web.authentication.logout.LogoutFilter@3220ffb, org.springframework.security.web.authentication.www.BasicAuthenticationFilter@53791a39, org.springframework.security.web.savedrequest.RequestCacheAwareFilter@227e4ea8, org.springframework.security.web.servletapi.SecurityContextHolderAwareRequestFilter@7a7fdc1a, org.springframework.security.web.authentication.AnonymousAuthenticationFilter@5aef36a9, org.springframework.security.web.session.SessionManagementFilter@4c43c37d, org.springframework.security.web.access.ExceptionTranslationFilter@70b67841, org.springframework.security.web.access.intercept.AuthorizationFilter@5292d417]] (1/1)
2023-12-09 02:12:56.290 DEBUG 76630 --- [nio-8881-exec-4] o.s.security.web.FilterChainProxy        : Securing POST /actuator/shutdown
2023-12-09 02:12:56.290 TRACE 76630 --- [nio-8881-exec-4] o.s.security.web.FilterChainProxy        : Invoking WebAsyncManagerIntegrationFilter (1/11)
2023-12-09 02:12:56.290 TRACE 76630 --- [nio-8881-exec-4] o.s.security.web.FilterChainProxy        : Invoking SecurityContextPersistenceFilter (2/11)
2023-12-09 02:12:56.290 DEBUG 76630 --- [nio-8881-exec-4] s.s.w.c.SecurityContextPersistenceFilter : Set SecurityContextHolder to empty SecurityContext
2023-12-09 02:12:56.290 TRACE 76630 --- [nio-8881-exec-4] o.s.security.web.FilterChainProxy        : Invoking HeaderWriterFilter (3/11)
2023-12-09 02:12:56.290 TRACE 76630 --- [nio-8881-exec-4] o.s.security.web.FilterChainProxy        : Invoking LogoutFilter (4/11)
2023-12-09 02:12:56.290 TRACE 76630 --- [nio-8881-exec-4] o.s.s.w.a.logout.LogoutFilter            : Did not match request to Or [Ant [pattern='/logout', GET], Ant [pattern='/logout', POST], Ant [pattern='/logout', PUT], Ant [pattern='/logout', DELETE]]
2023-12-09 02:12:56.290 TRACE 76630 --- [nio-8881-exec-4] o.s.security.web.FilterChainProxy        : Invoking BasicAuthenticationFilter (5/11)
2023-12-09 02:12:56.290 TRACE 76630 --- [nio-8881-exec-4] o.s.s.w.a.www.BasicAuthenticationFilter  : Did not process authentication request since failed to find username and password in Basic Authorization header
2023-12-09 02:12:56.290 TRACE 76630 --- [nio-8881-exec-4] o.s.security.web.FilterChainProxy        : Invoking RequestCacheAwareFilter (6/11)
2023-12-09 02:12:56.290 TRACE 76630 --- [nio-8881-exec-4] o.s.security.web.FilterChainProxy        : Invoking SecurityContextHolderAwareRequestFilter (7/11)
2023-12-09 02:12:56.290 TRACE 76630 --- [nio-8881-exec-4] o.s.security.web.FilterChainProxy        : Invoking AnonymousAuthenticationFilter (8/11)
2023-12-09 02:12:56.290 TRACE 76630 --- [nio-8881-exec-4] o.s.s.w.a.AnonymousAuthenticationFilter  : Set SecurityContextHolder to AnonymousAuthenticationToken [Principal=anonymousUser, Credentials=[PROTECTED], Authenticated=true, Details=WebAuthenticationDetails [RemoteIpAddress=127.0.0.1, SessionId=null], Granted Authorities=[ROLE_ANONYMOUS]]
2023-12-09 02:12:56.290 TRACE 76630 --- [nio-8881-exec-4] o.s.security.web.FilterChainProxy        : Invoking SessionManagementFilter (9/11)
2023-12-09 02:12:56.290 TRACE 76630 --- [nio-8881-exec-4] o.s.security.web.FilterChainProxy        : Invoking ExceptionTranslationFilter (10/11)
2023-12-09 02:12:56.290 TRACE 76630 --- [nio-8881-exec-4] o.s.security.web.FilterChainProxy        : Invoking AuthorizationFilter (11/11)
2023-12-09 02:12:56.290 TRACE 76630 --- [nio-8881-exec-4] estMatcherDelegatingAuthorizationManager : Authorizing SecurityContextHolderAwareRequestWrapper[ org.springframework.security.web.header.HeaderWriterFilter$HeaderWriterRequest@aeee1fd]
2023-12-09 02:12:56.290 TRACE 76630 --- [nio-8881-exec-4] estMatcherDelegatingAuthorizationManager : Checking authorization on SecurityContextHolderAwareRequestWrapper[ org.springframework.security.web.header.HeaderWriterFilter$HeaderWriterRequest@aeee1fd] using org.springframework.security.config.annotation.web.configurers.AuthorizeHttpRequestsConfigurer$AuthorizedUrl$$Lambda$1137/0x000000b8009884a8@1c82970b
2023-12-09 02:12:56.290 DEBUG 76630 --- [nio-8881-exec-4] o.s.security.web.FilterChainProxy        : Secured POST /actuator/shutdown
2023-12-09 02:12:56.292 TRACE 76630 --- [nio-8881-exec-4] o.s.s.w.header.writers.HstsHeaderWriter  : Not injecting HSTS header since it did not match request to [Is Secure]
2023-12-09 02:12:56.292 DEBUG 76630 --- [nio-8881-exec-4] s.s.w.c.SecurityContextPersistenceFilter : Cleared SecurityContextHolder to complete request
]]></system-out>
  <system-err><![CDATA[]]></system-err>
</testsuite>
